#
# A fatal error has been detected by the Java Runtime Environment:
#
#  Internal Error (classFileParser.cpp:3375), pid=2841, tid=3062455152
#  Error: ShouldNotReachHere()
#
# JRE version: 6.0_22-b22
# Java VM: OpenJDK Server VM (19.0-b09 mixed mode linux-x86 )
# Derivative: IcedTea6 1.10.3
# Distribution: Custom build (Thu Jul 21 17:06:08 UTC 2011)
# If you would like to submit a bug report, please include
# instructions how to reproduce the bug and visit:
#   http://icedtea.classpath.org/bugzilla
#

---------------  T H R E A D  ---------------

Current thread (0x09c5bc00):  JavaThread "Unknown thread" [_thread_in_vm, id=2846, stack(0xb6845000,0xb6896000)]

Stack: [0xb6845000,0xb6896000]

[error occurred during error reporting (printing native stack), id 0xb]


---------------  P R O C E S S  ---------------

Java Threads: ( => current thread )

Other Threads:

=>0x09c5bc00 (exited) JavaThread "Unknown thread" [_thread_in_vm, id=2846, stack(0xb6845000,0xb6896000)]

VM state:not at safepoint (not fully initialized)

VM Mutex/Monitor currently owned by a thread: None

Dynamic libraries:
08048000-08051000 r-xp 00000000 08:05 406629     /usr/lib/jvm/java-6-openjdk/bin/java
08051000-08052000 rw-p 00008000 08:05 406629     /usr/lib/jvm/java-6-openjdk/bin/java
09c55000-09c76000 rw-p 00000000 00:00 0          [heap]
73e00000-73e46000 rw-p 00000000 00:00 0 
73e46000-73f00000 ---p 00000000 00:00 0 
73f26000-73f9c000 r--s 00902000 08:06 3543452    /home/data/Programs/android-sdk-linux_x86/platforms/android-10/android.jar
73f9c000-73f9d000 ---p 00000000 00:00 0 
73f9d000-7401d000 rw-p 00000000 00:00 0 
7401d000-7401e000 ---p 00000000 00:00 0 
7401e000-7409e000 rw-p 00000000 00:00 0 
7409e000-7409f000 ---p 00000000 00:00 0 
7409f000-7411f000 rw-p 00000000 00:00 0 
7411f000-74120000 ---p 00000000 00:00 0 
74120000-741a8000 rw-p 00000000 00:00 0 
741a8000-741e0000 rw-p 00000000 00:00 0 
741e0000-741f3000 rw-p 00000000 00:00 0 
741f3000-74306000 rw-p 00000000 00:00 0 
74306000-7430e000 rw-p 00000000 00:00 0 
7430e000-74346000 rw-p 00000000 00:00 0 
74346000-74359000 rw-p 00000000 00:00 0 
74359000-7446c000 rw-p 00000000 00:00 0 
7446c000-74476000 rw-p 00000000 00:00 0 
74476000-744ff000 rw-p 00000000 00:00 0 
744ff000-75500000 rw-p 00000000 00:00 0 
75500000-7c500000 rw-p 00000000 00:00 0 
7c500000-7e9c0000 rw-p 00000000 00:00 0 
7e9c0000-a1100000 rw-p 00000000 00:00 0 
a1100000-a2350000 rw-p 00000000 00:00 0 
a2350000-b3700000 rw-p 00000000 00:00 0 
b370e000-b3717000 rw-p 00000000 00:00 0 
b3717000-b37ce000 rw-p 00000000 00:00 0 
b37ce000-b3a0e000 rwxp 00000000 00:00 0 
b3a0e000-b67ce000 rw-p 00000000 00:00 0 
b67ce000-b67d9000 r-xp 00000000 08:05 2490374    /lib/libnss_files-2.14.so
b67d9000-b67da000 r--p 0000a000 08:05 2490374    /lib/libnss_files-2.14.so
b67da000-b67db000 rw-p 0000b000 08:05 2490374    /lib/libnss_files-2.14.so
b67db000-b67f0000 r-xp 00000000 08:05 2490412    /lib/libnsl-2.14.so
b67f0000-b67f1000 r--p 00015000 08:05 2490412    /lib/libnsl-2.14.so
b67f1000-b67f2000 rw-p 00016000 08:05 2490412    /lib/libnsl-2.14.so
b67f2000-b67f4000 rw-p 00000000 00:00 0 
b6802000-b6809000 r-xp 00000000 08:05 1052886    /usr/lib/jvm/java-6-openjdk/jre/lib/i386/libzip.so
b6809000-b680a000 rw-p 00007000 08:05 1052886    /usr/lib/jvm/java-6-openjdk/jre/lib/i386/libzip.so
b680a000-b6812000 rw-s 00000000 00:12 38483      /tmp/hsperfdata_noam/2841
b6812000-b683a000 r-xp 00000000 08:05 1052896    /usr/lib/jvm/java-6-openjdk/jre/lib/i386/libjava.so
b683a000-b683c000 rw-p 00027000 08:05 1052896    /usr/lib/jvm/java-6-openjdk/jre/lib/i386/libjava.so
b683c000-b6843000 r-xp 00000000 08:05 2494830    /lib/librt-2.14.so
b6843000-b6844000 r--p 00006000 08:05 2494830    /lib/librt-2.14.so
b6844000-b6845000 rw-p 00007000 08:05 2494830    /lib/librt-2.14.so
b6845000-b6848000 ---p 00000000 00:00 0 
b6848000-b6896000 rw-p 00000000 00:00 0 
b6896000-b68b2000 r-xp 00000000 08:05 2889751    /usr/lib/libgcc_s.so.1
b68b2000-b68b3000 rw-p 0001b000 08:05 2889751    /usr/lib/libgcc_s.so.1
b68b3000-b68db000 r-xp 00000000 08:05 2490402    /lib/libm-2.14.so
b68db000-b68dc000 r--p 00027000 08:05 2490402    /lib/libm-2.14.so
b68dc000-b68dd000 rw-p 00028000 08:05 2490402    /lib/libm-2.14.so
b68dd000-b69c0000 r-xp 00000000 08:05 2889733    /usr/lib/libstdc++.so.6.0.16
b69c0000-b69c4000 r--p 000e2000 08:05 2889733    /usr/lib/libstdc++.so.6.0.16
b69c4000-b69c5000 rw-p 000e6000 08:05 2889733    /usr/lib/libstdc++.so.6.0.16
b69c5000-b69cc000 rw-p 00000000 00:00 0 
b69cc000-b71c8000 r-xp 00000000 08:05 1052911    /usr/lib/jvm/java-6-openjdk/jre/lib/i386/server/libjvm.so
b71c8000-b721b000 rw-p 007fc000 08:05 1052911    /usr/lib/jvm/java-6-openjdk/jre/lib/i386/server/libjvm.so
b721b000-b7636000 rw-p 00000000 00:00 0 
b7636000-b7798000 r-xp 00000000 08:05 2490400    /lib/libc-2.14.so
b7798000-b7799000 ---p 00162000 08:05 2490400    /lib/libc-2.14.so
b7799000-b779b000 r--p 00162000 08:05 2490400    /lib/libc-2.14.so
b779b000-b779c000 rw-p 00164000 08:05 2490400    /lib/libc-2.14.so
b779c000-b779f000 rw-p 00000000 00:00 0 
b779f000-b77a2000 r-xp 00000000 08:05 2490407    /lib/libdl-2.14.so
b77a2000-b77a3000 r--p 00002000 08:05 2490407    /lib/libdl-2.14.so
b77a3000-b77a4000 rw-p 00003000 08:05 2490407    /lib/libdl-2.14.so
b77a4000-b77a5000 rw-p 00000000 00:00 0 
b77a5000-b77a9000 r-xp 00000000 08:05 1052919    /usr/lib/jvm/java-6-openjdk/jre/lib/i386/jli/libjli.so
b77a9000-b77aa000 rw-p 00003000 08:05 1052919    /usr/lib/jvm/java-6-openjdk/jre/lib/i386/jli/libjli.so
b77aa000-b77c1000 r-xp 00000000 08:05 2490376    /lib/libpthread-2.14.so
b77c1000-b77c2000 r--p 00016000 08:05 2490376    /lib/libpthread-2.14.so
b77c2000-b77c3000 rw-p 00017000 08:05 2490376    /lib/libpthread-2.14.so
b77c3000-b77c5000 rw-p 00000000 00:00 0 
b77c5000-b77db000 r-xp 00000000 08:05 2886518    /usr/lib/libz.so.1.2.5
b77db000-b77dc000 r--p 00015000 08:05 2886518    /usr/lib/libz.so.1.2.5
b77dc000-b77dd000 rw-p 00016000 08:05 2886518    /usr/lib/libz.so.1.2.5
b77e4000-b77ec000 r-xp 00000000 08:05 1052917    /usr/lib/jvm/java-6-openjdk/jre/lib/i386/native_threads/libhpi.so
b77ec000-b77ed000 rw-p 00008000 08:05 1052917    /usr/lib/jvm/java-6-openjdk/jre/lib/i386/native_threads/libhpi.so
b77ed000-b77ee000 rw-p 00000000 00:00 0 
b77ee000-b77ef000 r--p 00000000 00:00 0 
b77ef000-b77fa000 r-xp 00000000 08:05 1052882    /usr/lib/jvm/java-6-openjdk/jre/lib/i386/libverify.so
b77fa000-b77fb000 rw-p 0000b000 08:05 1052882    /usr/lib/jvm/java-6-openjdk/jre/lib/i386/libverify.so
b77fb000-b77fc000 rw-p 00000000 00:00 0 
b77fc000-b77fd000 r-xp 00000000 00:00 0          [vdso]
b77fd000-b781c000 r-xp 00000000 08:05 2490403    /lib/ld-2.14.so
b781c000-b781d000 r--p 0001e000 08:05 2490403    /lib/ld-2.14.so
b781d000-b781e000 rw-p 0001f000 08:05 2490403    /lib/ld-2.14.so
bfd83000-bfda4000 rw-p 00000000 00:00 0          [stack]

VM Arguments:
jvm_args: -Dfile.encoding=UTF-8 -Xbootclasspath:/home/noam/Programs/android-sdk-linux_x86/platforms/android-10/android.jar 
java_command: umich.pitchcoach.test.PeakDetectorTest
Launcher Type: SUN_STANDARD

Environment Variables:
JAVA_HOME=/usr/lib/jvm/java-6-openjdk
PATH=/usr/local/bin:/usr/bin:/bin:/usr/local/sbin:/usr/sbin:/sbin:/usr/bin/core_perl
USERNAME=noam
LD_LIBRARY_PATH=/usr/lib/jvm/java-6-openjdk/jre/lib/i386/server:/usr/lib/jvm/java-6-openjdk/jre/lib/i386:/usr/lib/jvm/java-6-openjdk/jre/../lib/i386:/usr/lib/jvm/java-6-openjdk/jre/lib/i386/client:/usr/lib/jvm/java-6-openjdk/jre/lib/i386:
SHELL=/bin/bash
DISPLAY=:0

Signal Handlers:
SIGSEGV: [libjvm.so+0x68ce20], sa_mask[0]=0x7ffbfeff, sa_flags=0x10000004
SIGBUS: [libjvm.so+0x68ce20], sa_mask[0]=0x7ffbfeff, sa_flags=0x10000004
SIGFPE: [libjvm.so+0x542930], sa_mask[0]=0x7ffbfeff, sa_flags=0x10000004
SIGPIPE: [libjvm.so+0x542930], sa_mask[0]=0x7ffbfeff, sa_flags=0x10000004
SIGXFSZ: [libjvm.so+0x542930], sa_mask[0]=0x7ffbfeff, sa_flags=0x10000004
SIGILL: [libjvm.so+0x542930], sa_mask[0]=0x7ffbfeff, sa_flags=0x10000004
SIGUSR1: SIG_DFL, sa_mask[0]=0x00000000, sa_flags=0x00000000
SIGUSR2: [libjvm.so+0x5427c0], sa_mask[0]=0x00000004, sa_flags=0x10000004
SIGHUP: SIG_DFL, sa_mask[0]=0x00000000, sa_flags=0x00000000
SIGINT: SIG_DFL, sa_mask[0]=0x00000000, sa_flags=0x00000000
SIGTERM: SIG_DFL, sa_mask[0]=0x00000000, sa_flags=0x00000000
SIGQUIT: SIG_DFL, sa_mask[0]=0x00000000, sa_flags=0x00000000


---------------  S Y S T E M  ---------------

OS:Linux
uname:Linux 3.0-ARCH #1 SMP PREEMPT Tue Aug 30 07:32:23 UTC 2011 i686
libc:glibc 2.14 NPTL 2.14 
rlimit: STACK 8192k, CORE 0k, NPROC 28142, NOFILE 4096, AS infinity
load average:0.08 0.06 0.05

/proc/meminfo:
MemTotal:        3604892 kB
MemFree:         1845752 kB
Buffers:           41168 kB
Cached:           466672 kB
SwapCached:            0 kB
Active:          1307168 kB
Inactive:         363232 kB
Active(anon):    1163108 kB
Inactive(anon):     1740 kB
Active(file):     144060 kB
Inactive(file):   361492 kB
Unevictable:          16 kB
Mlocked:              16 kB
HighTotal:       2745992 kB
HighFree:        1100728 kB
LowTotal:         858900 kB
LowFree:          745024 kB
SwapTotal:       7811068 kB
SwapFree:        7811068 kB
Dirty:                40 kB
Writeback:             0 kB
AnonPages:       1162820 kB
Mapped:           135400 kB
Shmem:              2296 kB
Slab:              36664 kB
SReclaimable:      21364 kB
SUnreclaim:        15300 kB
KernelStack:        2928 kB
PageTables:         7452 kB
NFS_Unstable:          0 kB
Bounce:                0 kB
WritebackTmp:          0 kB
CommitLimit:     9613512 kB
Committed_AS:    3311972 kB
VmallocTotal:     122880 kB
VmallocUsed:       54740 kB
VmallocChunk:      42492 kB
HardwareCorrupted:     0 kB
AnonHugePages:    667648 kB
HugePages_Total:       0
HugePages_Free:        0
HugePages_Rsvd:        0
HugePages_Surp:        0
Hugepagesize:       4096 kB
DirectMap4k:       69624 kB
DirectMap4M:      839680 kB


CPU:total 4 (2 cores per cpu, 2 threads per core) family 6 model 42 stepping 7, cmov, cx8, fxsr, mmx, sse, sse2, sse3, ssse3, sse4.1, sse4.2, popcnt, ht

Memory: 4k page, physical 3604892k(1845752k free), swap 7811068k(7811068k free)

vm_info: OpenJDK Server VM (19.0-b09) for linux-x86 JRE (1.6.0_22-b22), built on Jul 21 2011 17:10:14 by "nobody" with gcc 4.6.1

time: Wed Oct 12 14:08:08 2011
elapsed time: 0 seconds

