#
# A fatal error has been detected by the Java Runtime Environment:
#
#  Internal Error (classFileParser.cpp:3375), pid=2190, tid=3062774640
#  Error: ShouldNotReachHere()
#
# JRE version: 6.0_22-b22
# Java VM: OpenJDK Server VM (19.0-b09 mixed mode linux-x86 )
# Derivative: IcedTea6 1.10.3
# Distribution: Custom build (Thu Jul 21 17:06:08 UTC 2011)
# If you would like to submit a bug report, please include
# instructions how to reproduce the bug and visit:
#   http://icedtea.classpath.org/bugzilla
#

---------------  T H R E A D  ---------------

Current thread (0x099efc00):  JavaThread "Unknown thread" [_thread_in_vm, id=2195, stack(0xb6893000,0xb68e4000)]

Stack: [0xb6893000,0xb68e4000]

[error occurred during error reporting (printing native stack), id 0xb]


---------------  P R O C E S S  ---------------

Java Threads: ( => current thread )

Other Threads:

=>0x099efc00 (exited) JavaThread "Unknown thread" [_thread_in_vm, id=2195, stack(0xb6893000,0xb68e4000)]

VM state:not at safepoint (not fully initialized)

VM Mutex/Monitor currently owned by a thread: None

Dynamic libraries:
08048000-08051000 r-xp 00000000 08:05 406629     /usr/lib/jvm/java-6-openjdk/bin/java
08051000-08052000 rw-p 00008000 08:05 406629     /usr/lib/jvm/java-6-openjdk/bin/java
099e9000-09a52000 rw-p 00000000 00:00 0          [heap]
73e00000-73e21000 rw-p 00000000 00:00 0 
73e21000-73f00000 ---p 00000000 00:00 0 
73f76000-73fec000 r--s 00902000 08:06 3543452    /home/data/Programs/android-sdk-linux_x86/platforms/android-10/android.jar
73fec000-73fed000 ---p 00000000 00:00 0 
73fed000-7406d000 rw-p 00000000 00:00 0 
7406d000-7406e000 ---p 00000000 00:00 0 
7406e000-740ee000 rw-p 00000000 00:00 0 
740ee000-740ef000 ---p 00000000 00:00 0 
740ef000-7416f000 rw-p 00000000 00:00 0 
7416f000-74170000 ---p 00000000 00:00 0 
74170000-741f8000 rw-p 00000000 00:00 0 
741f8000-74230000 rw-p 00000000 00:00 0 
74230000-74243000 rw-p 00000000 00:00 0 
74243000-74356000 rw-p 00000000 00:00 0 
74356000-7435e000 rw-p 00000000 00:00 0 
7435e000-74396000 rw-p 00000000 00:00 0 
74396000-743a9000 rw-p 00000000 00:00 0 
743a9000-744bc000 rw-p 00000000 00:00 0 
744bc000-744c6000 rw-p 00000000 00:00 0 
744c6000-7454f000 rw-p 00000000 00:00 0 
7454f000-75550000 rw-p 00000000 00:00 0 
75550000-7c550000 rw-p 00000000 00:00 0 
7c550000-7ea10000 rw-p 00000000 00:00 0 
7ea10000-a1150000 rw-p 00000000 00:00 0 
a1150000-a23a0000 rw-p 00000000 00:00 0 
a23a0000-b3750000 rw-p 00000000 00:00 0 
b375c000-b3765000 rw-p 00000000 00:00 0 
b3765000-b381c000 rw-p 00000000 00:00 0 
b381c000-b3a5c000 rwxp 00000000 00:00 0 
b3a5c000-b681c000 rw-p 00000000 00:00 0 
b681c000-b6827000 r-xp 00000000 08:05 2490374    /lib/libnss_files-2.14.so
b6827000-b6828000 r--p 0000a000 08:05 2490374    /lib/libnss_files-2.14.so
b6828000-b6829000 rw-p 0000b000 08:05 2490374    /lib/libnss_files-2.14.so
b6829000-b683e000 r-xp 00000000 08:05 2490412    /lib/libnsl-2.14.so
b683e000-b683f000 r--p 00015000 08:05 2490412    /lib/libnsl-2.14.so
b683f000-b6840000 rw-p 00016000 08:05 2490412    /lib/libnsl-2.14.so
b6840000-b6842000 rw-p 00000000 00:00 0 
b6850000-b6857000 r-xp 00000000 08:05 1052886    /usr/lib/jvm/java-6-openjdk/jre/lib/i386/libzip.so
b6857000-b6858000 rw-p 00007000 08:05 1052886    /usr/lib/jvm/java-6-openjdk/jre/lib/i386/libzip.so
b6858000-b6860000 rw-s 00000000 00:12 23029      /tmp/hsperfdata_noam/2190
b6860000-b6888000 r-xp 00000000 08:05 1052896    /usr/lib/jvm/java-6-openjdk/jre/lib/i386/libjava.so
b6888000-b688a000 rw-p 00027000 08:05 1052896    /usr/lib/jvm/java-6-openjdk/jre/lib/i386/libjava.so
b688a000-b6891000 r-xp 00000000 08:05 2494830    /lib/librt-2.14.so
b6891000-b6892000 r--p 00006000 08:05 2494830    /lib/librt-2.14.so
b6892000-b6893000 rw-p 00007000 08:05 2494830    /lib/librt-2.14.so
b6893000-b6896000 ---p 00000000 00:00 0 
b6896000-b68e4000 rw-p 00000000 00:00 0 
b68e4000-b6900000 r-xp 00000000 08:05 2889751    /usr/lib/libgcc_s.so.1
b6900000-b6901000 rw-p 0001b000 08:05 2889751    /usr/lib/libgcc_s.so.1
b6901000-b6929000 r-xp 00000000 08:05 2490402    /lib/libm-2.14.so
b6929000-b692a000 r--p 00027000 08:05 2490402    /lib/libm-2.14.so
b692a000-b692b000 rw-p 00028000 08:05 2490402    /lib/libm-2.14.so
b692b000-b6a0e000 r-xp 00000000 08:05 2889733    /usr/lib/libstdc++.so.6.0.16
b6a0e000-b6a12000 r--p 000e2000 08:05 2889733    /usr/lib/libstdc++.so.6.0.16
b6a12000-b6a13000 rw-p 000e6000 08:05 2889733    /usr/lib/libstdc++.so.6.0.16
b6a13000-b6a1a000 rw-p 00000000 00:00 0 
b6a1a000-b7216000 r-xp 00000000 08:05 1052911    /usr/lib/jvm/java-6-openjdk/jre/lib/i386/server/libjvm.so
b7216000-b7269000 rw-p 007fc000 08:05 1052911    /usr/lib/jvm/java-6-openjdk/jre/lib/i386/server/libjvm.so
b7269000-b7684000 rw-p 00000000 00:00 0 
b7684000-b77e6000 r-xp 00000000 08:05 2490400    /lib/libc-2.14.so
b77e6000-b77e7000 ---p 00162000 08:05 2490400    /lib/libc-2.14.so
b77e7000-b77e9000 r--p 00162000 08:05 2490400    /lib/libc-2.14.so
b77e9000-b77ea000 rw-p 00164000 08:05 2490400    /lib/libc-2.14.so
b77ea000-b77ed000 rw-p 00000000 00:00 0 
b77ed000-b77f0000 r-xp 00000000 08:05 2490407    /lib/libdl-2.14.so
b77f0000-b77f1000 r--p 00002000 08:05 2490407    /lib/libdl-2.14.so
b77f1000-b77f2000 rw-p 00003000 08:05 2490407    /lib/libdl-2.14.so
b77f2000-b77f3000 rw-p 00000000 00:00 0 
b77f3000-b77f7000 r-xp 00000000 08:05 1052919    /usr/lib/jvm/java-6-openjdk/jre/lib/i386/jli/libjli.so
b77f7000-b77f8000 rw-p 00003000 08:05 1052919    /usr/lib/jvm/java-6-openjdk/jre/lib/i386/jli/libjli.so
b77f8000-b780f000 r-xp 00000000 08:05 2490376    /lib/libpthread-2.14.so
b780f000-b7810000 r--p 00016000 08:05 2490376    /lib/libpthread-2.14.so
b7810000-b7811000 rw-p 00017000 08:05 2490376    /lib/libpthread-2.14.so
b7811000-b7813000 rw-p 00000000 00:00 0 
b7813000-b7829000 r-xp 00000000 08:05 2886518    /usr/lib/libz.so.1.2.5
b7829000-b782a000 r--p 00015000 08:05 2886518    /usr/lib/libz.so.1.2.5
b782a000-b782b000 rw-p 00016000 08:05 2886518    /usr/lib/libz.so.1.2.5
b7832000-b783a000 r-xp 00000000 08:05 1052917    /usr/lib/jvm/java-6-openjdk/jre/lib/i386/native_threads/libhpi.so
b783a000-b783b000 rw-p 00008000 08:05 1052917    /usr/lib/jvm/java-6-openjdk/jre/lib/i386/native_threads/libhpi.so
b783b000-b783c000 rw-p 00000000 00:00 0 
b783c000-b783d000 r--p 00000000 00:00 0 
b783d000-b7848000 r-xp 00000000 08:05 1052882    /usr/lib/jvm/java-6-openjdk/jre/lib/i386/libverify.so
b7848000-b7849000 rw-p 0000b000 08:05 1052882    /usr/lib/jvm/java-6-openjdk/jre/lib/i386/libverify.so
b7849000-b784a000 rw-p 00000000 00:00 0 
b784a000-b784b000 r-xp 00000000 00:00 0          [vdso]
b784b000-b786a000 r-xp 00000000 08:05 2490403    /lib/ld-2.14.so
b786a000-b786b000 r--p 0001e000 08:05 2490403    /lib/ld-2.14.so
b786b000-b786c000 rw-p 0001f000 08:05 2490403    /lib/ld-2.14.so
bfc26000-bfc47000 rw-p 00000000 00:00 0          [stack]

VM Arguments:
jvm_args: -Dfile.encoding=UTF-8 -Xbootclasspath:/home/noam/Programs/android-sdk-linux_x86/platforms/android-10/android.jar 
java_command: umich.pitchcoach.test.PeakDetectorTest
Launcher Type: SUN_STANDARD

Environment Variables:
JAVA_HOME=/usr/lib/jvm/java-6-openjdk
PATH=/usr/local/bin:/usr/bin:/bin:/usr/local/sbin:/usr/sbin:/sbin:/usr/bin/core_perl
USERNAME=noam
LD_LIBRARY_PATH=/usr/lib/jvm/java-6-openjdk/jre/lib/i386/server:/usr/lib/jvm/java-6-openjdk/jre/lib/i386:/usr/lib/jvm/java-6-openjdk/jre/../lib/i386:/usr/lib/jvm/java-6-openjdk/jre/lib/i386/client:/usr/lib/jvm/java-6-openjdk/jre/lib/i386:
SHELL=/bin/bash
DISPLAY=:0

Signal Handlers:
SIGSEGV: [libjvm.so+0x68ce20], sa_mask[0]=0x7ffbfeff, sa_flags=0x10000004
SIGBUS: [libjvm.so+0x68ce20], sa_mask[0]=0x7ffbfeff, sa_flags=0x10000004
SIGFPE: [libjvm.so+0x542930], sa_mask[0]=0x7ffbfeff, sa_flags=0x10000004
SIGPIPE: [libjvm.so+0x542930], sa_mask[0]=0x7ffbfeff, sa_flags=0x10000004
SIGXFSZ: [libjvm.so+0x542930], sa_mask[0]=0x7ffbfeff, sa_flags=0x10000004
SIGILL: [libjvm.so+0x542930], sa_mask[0]=0x7ffbfeff, sa_flags=0x10000004
SIGUSR1: SIG_DFL, sa_mask[0]=0x00000000, sa_flags=0x00000000
SIGUSR2: [libjvm.so+0x5427c0], sa_mask[0]=0x00000004, sa_flags=0x10000004
SIGHUP: SIG_DFL, sa_mask[0]=0x00000000, sa_flags=0x00000000
SIGINT: SIG_DFL, sa_mask[0]=0x00000000, sa_flags=0x00000000
SIGTERM: SIG_DFL, sa_mask[0]=0x00000000, sa_flags=0x00000000
SIGQUIT: SIG_DFL, sa_mask[0]=0x00000000, sa_flags=0x00000000


---------------  S Y S T E M  ---------------

OS:Linux
uname:Linux 3.0-ARCH #1 SMP PREEMPT Tue Aug 30 07:32:23 UTC 2011 i686
libc:glibc 2.14 NPTL 2.14 
rlimit: STACK 8192k, CORE 0k, NPROC 28142, NOFILE 4096, AS infinity
load average:0.08 0.07 0.08

/proc/meminfo:
MemTotal:        3604892 kB
MemFree:         2238680 kB
Buffers:           39200 kB
Cached:           446068 kB
SwapCached:            0 kB
Active:           930856 kB
Inactive:         356148 kB
Active(anon):     801852 kB
Inactive(anon):     1216 kB
Active(file):     129004 kB
Inactive(file):   354932 kB
Unevictable:          16 kB
Mlocked:              16 kB
HighTotal:       2745992 kB
HighFree:        1481792 kB
LowTotal:         858900 kB
LowFree:          756888 kB
SwapTotal:       7811068 kB
SwapFree:        7811068 kB
Dirty:                92 kB
Writeback:             0 kB
AnonPages:        801936 kB
Mapped:            99412 kB
Shmem:              1340 kB
Slab:              32812 kB
SReclaimable:      18536 kB
SUnreclaim:        14276 kB
KernelStack:        2344 kB
PageTables:         3148 kB
NFS_Unstable:          0 kB
Bounce:                0 kB
WritebackTmp:          0 kB
CommitLimit:     9613512 kB
Committed_AS:    1921504 kB
VmallocTotal:     122880 kB
VmallocUsed:       54948 kB
VmallocChunk:      42492 kB
HardwareCorrupted:     0 kB
AnonHugePages:    557056 kB
HugePages_Total:       0
HugePages_Free:        0
HugePages_Rsvd:        0
HugePages_Surp:        0
Hugepagesize:       4096 kB
DirectMap4k:       61432 kB
DirectMap4M:      847872 kB


CPU:total 4 (2 cores per cpu, 2 threads per core) family 6 model 42 stepping 7, cmov, cx8, fxsr, mmx, sse, sse2, sse3, ssse3, sse4.1, sse4.2, popcnt, ht

Memory: 4k page, physical 3604892k(2238680k free), swap 7811068k(7811068k free)

vm_info: OpenJDK Server VM (19.0-b09) for linux-x86 JRE (1.6.0_22-b22), built on Jul 21 2011 17:10:14 by "nobody" with gcc 4.6.1

time: Wed Oct 12 13:50:21 2011
elapsed time: 0 seconds

