#
# A fatal error has been detected by the Java Runtime Environment:
#
#  Internal Error (classFileParser.cpp:3375), pid=3922, tid=3061410672
#  Error: ShouldNotReachHere()
#
# JRE version: 6.0_22-b22
# Java VM: OpenJDK Server VM (19.0-b09 mixed mode linux-x86 )
# Derivative: IcedTea6 1.10.3
# Distribution: Custom build (Thu Jul 21 17:06:08 UTC 2011)
# If you would like to submit a bug report, please include
# instructions how to reproduce the bug and visit:
#   http://icedtea.classpath.org/bugzilla
#

---------------  T H R E A D  ---------------

Current thread (0x085b1c00):  JavaThread "Unknown thread" [_thread_in_vm, id=3927, stack(0xb6746000,0xb6797000)]

Stack: [0xb6746000,0xb6797000]

[error occurred during error reporting (printing native stack), id 0xb]


---------------  P R O C E S S  ---------------

Java Threads: ( => current thread )

Other Threads:

=>0x085b1c00 (exited) JavaThread "Unknown thread" [_thread_in_vm, id=3927, stack(0xb6746000,0xb6797000)]

VM state:not at safepoint (not fully initialized)

VM Mutex/Monitor currently owned by a thread: None

Dynamic libraries:
08048000-08051000 r-xp 00000000 08:05 406629     /usr/lib/jvm/java-6-openjdk/bin/java
08051000-08052000 rw-p 00008000 08:05 406629     /usr/lib/jvm/java-6-openjdk/bin/java
085ab000-08614000 rw-p 00000000 00:00 0          [heap]
73d00000-73d21000 rw-p 00000000 00:00 0 
73d21000-73e00000 ---p 00000000 00:00 0 
73e26000-73e9c000 r--s 00902000 08:06 3543452    /home/data/Programs/android-sdk-linux_x86/platforms/android-10/android.jar
73e9c000-73e9d000 ---p 00000000 00:00 0 
73e9d000-73f1d000 rw-p 00000000 00:00 0 
73f1d000-73f1e000 ---p 00000000 00:00 0 
73f1e000-73f9e000 rw-p 00000000 00:00 0 
73f9e000-73f9f000 ---p 00000000 00:00 0 
73f9f000-7401f000 rw-p 00000000 00:00 0 
7401f000-74020000 ---p 00000000 00:00 0 
74020000-740a8000 rw-p 00000000 00:00 0 
740a8000-740e0000 rw-p 00000000 00:00 0 
740e0000-740f3000 rw-p 00000000 00:00 0 
740f3000-74206000 rw-p 00000000 00:00 0 
74206000-7420e000 rw-p 00000000 00:00 0 
7420e000-74246000 rw-p 00000000 00:00 0 
74246000-74259000 rw-p 00000000 00:00 0 
74259000-7436c000 rw-p 00000000 00:00 0 
7436c000-74376000 rw-p 00000000 00:00 0 
74376000-743ff000 rw-p 00000000 00:00 0 
743ff000-75400000 rw-p 00000000 00:00 0 
75400000-7c400000 rw-p 00000000 00:00 0 
7c400000-7e8c0000 rw-p 00000000 00:00 0 
7e8c0000-a1000000 rw-p 00000000 00:00 0 
a1000000-a2250000 rw-p 00000000 00:00 0 
a2250000-b3600000 rw-p 00000000 00:00 0 
b360f000-b3618000 rw-p 00000000 00:00 0 
b3618000-b36cf000 rw-p 00000000 00:00 0 
b36cf000-b390f000 rwxp 00000000 00:00 0 
b390f000-b66cf000 rw-p 00000000 00:00 0 
b66cf000-b66da000 r-xp 00000000 08:05 2490374    /lib/libnss_files-2.14.so
b66da000-b66db000 r--p 0000a000 08:05 2490374    /lib/libnss_files-2.14.so
b66db000-b66dc000 rw-p 0000b000 08:05 2490374    /lib/libnss_files-2.14.so
b66dc000-b66f1000 r-xp 00000000 08:05 2490412    /lib/libnsl-2.14.so
b66f1000-b66f2000 r--p 00015000 08:05 2490412    /lib/libnsl-2.14.so
b66f2000-b66f3000 rw-p 00016000 08:05 2490412    /lib/libnsl-2.14.so
b66f3000-b66f5000 rw-p 00000000 00:00 0 
b6703000-b670a000 r-xp 00000000 08:05 1052886    /usr/lib/jvm/java-6-openjdk/jre/lib/i386/libzip.so
b670a000-b670b000 rw-p 00007000 08:05 1052886    /usr/lib/jvm/java-6-openjdk/jre/lib/i386/libzip.so
b670b000-b6713000 rw-s 00000000 00:12 54890      /tmp/hsperfdata_noam/3922
b6713000-b673b000 r-xp 00000000 08:05 1052896    /usr/lib/jvm/java-6-openjdk/jre/lib/i386/libjava.so
b673b000-b673d000 rw-p 00027000 08:05 1052896    /usr/lib/jvm/java-6-openjdk/jre/lib/i386/libjava.so
b673d000-b6744000 r-xp 00000000 08:05 2494830    /lib/librt-2.14.so
b6744000-b6745000 r--p 00006000 08:05 2494830    /lib/librt-2.14.so
b6745000-b6746000 rw-p 00007000 08:05 2494830    /lib/librt-2.14.so
b6746000-b6749000 ---p 00000000 00:00 0 
b6749000-b6797000 rw-p 00000000 00:00 0 
b6797000-b67b3000 r-xp 00000000 08:05 2889751    /usr/lib/libgcc_s.so.1
b67b3000-b67b4000 rw-p 0001b000 08:05 2889751    /usr/lib/libgcc_s.so.1
b67b4000-b67dc000 r-xp 00000000 08:05 2490402    /lib/libm-2.14.so
b67dc000-b67dd000 r--p 00027000 08:05 2490402    /lib/libm-2.14.so
b67dd000-b67de000 rw-p 00028000 08:05 2490402    /lib/libm-2.14.so
b67de000-b68c1000 r-xp 00000000 08:05 2889733    /usr/lib/libstdc++.so.6.0.16
b68c1000-b68c5000 r--p 000e2000 08:05 2889733    /usr/lib/libstdc++.so.6.0.16
b68c5000-b68c6000 rw-p 000e6000 08:05 2889733    /usr/lib/libstdc++.so.6.0.16
b68c6000-b68cd000 rw-p 00000000 00:00 0 
b68cd000-b70c9000 r-xp 00000000 08:05 1052911    /usr/lib/jvm/java-6-openjdk/jre/lib/i386/server/libjvm.so
b70c9000-b711c000 rw-p 007fc000 08:05 1052911    /usr/lib/jvm/java-6-openjdk/jre/lib/i386/server/libjvm.so
b711c000-b7537000 rw-p 00000000 00:00 0 
b7537000-b7699000 r-xp 00000000 08:05 2490400    /lib/libc-2.14.so
b7699000-b769a000 ---p 00162000 08:05 2490400    /lib/libc-2.14.so
b769a000-b769c000 r--p 00162000 08:05 2490400    /lib/libc-2.14.so
b769c000-b769d000 rw-p 00164000 08:05 2490400    /lib/libc-2.14.so
b769d000-b76a0000 rw-p 00000000 00:00 0 
b76a0000-b76a3000 r-xp 00000000 08:05 2490407    /lib/libdl-2.14.so
b76a3000-b76a4000 r--p 00002000 08:05 2490407    /lib/libdl-2.14.so
b76a4000-b76a5000 rw-p 00003000 08:05 2490407    /lib/libdl-2.14.so
b76a5000-b76a6000 rw-p 00000000 00:00 0 
b76a6000-b76aa000 r-xp 00000000 08:05 1052919    /usr/lib/jvm/java-6-openjdk/jre/lib/i386/jli/libjli.so
b76aa000-b76ab000 rw-p 00003000 08:05 1052919    /usr/lib/jvm/java-6-openjdk/jre/lib/i386/jli/libjli.so
b76ab000-b76c2000 r-xp 00000000 08:05 2490376    /lib/libpthread-2.14.so
b76c2000-b76c3000 r--p 00016000 08:05 2490376    /lib/libpthread-2.14.so
b76c3000-b76c4000 rw-p 00017000 08:05 2490376    /lib/libpthread-2.14.so
b76c4000-b76c6000 rw-p 00000000 00:00 0 
b76c6000-b76dc000 r-xp 00000000 08:05 2886518    /usr/lib/libz.so.1.2.5
b76dc000-b76dd000 r--p 00015000 08:05 2886518    /usr/lib/libz.so.1.2.5
b76dd000-b76de000 rw-p 00016000 08:05 2886518    /usr/lib/libz.so.1.2.5
b76e5000-b76ed000 r-xp 00000000 08:05 1052917    /usr/lib/jvm/java-6-openjdk/jre/lib/i386/native_threads/libhpi.so
b76ed000-b76ee000 rw-p 00008000 08:05 1052917    /usr/lib/jvm/java-6-openjdk/jre/lib/i386/native_threads/libhpi.so
b76ee000-b76ef000 rw-p 00000000 00:00 0 
b76ef000-b76f0000 r--p 00000000 00:00 0 
b76f0000-b76fb000 r-xp 00000000 08:05 1052882    /usr/lib/jvm/java-6-openjdk/jre/lib/i386/libverify.so
b76fb000-b76fc000 rw-p 0000b000 08:05 1052882    /usr/lib/jvm/java-6-openjdk/jre/lib/i386/libverify.so
b76fc000-b76fd000 rw-p 00000000 00:00 0 
b76fd000-b76fe000 r-xp 00000000 00:00 0          [vdso]
b76fe000-b771d000 r-xp 00000000 08:05 2490403    /lib/ld-2.14.so
b771d000-b771e000 r--p 0001e000 08:05 2490403    /lib/ld-2.14.so
b771e000-b771f000 rw-p 0001f000 08:05 2490403    /lib/ld-2.14.so
bfa26000-bfa47000 rw-p 00000000 00:00 0          [stack]

VM Arguments:
jvm_args: -Dfile.encoding=UTF-8 -Xbootclasspath:/home/noam/Programs/android-sdk-linux_x86/platforms/android-10/android.jar 
java_command: umich.pitchcoach.test.PeakDetectorTest
Launcher Type: SUN_STANDARD

Environment Variables:
JAVA_HOME=/usr/lib/jvm/java-6-openjdk
PATH=/usr/local/bin:/usr/bin:/bin:/usr/local/sbin:/usr/sbin:/sbin:/usr/bin/core_perl
USERNAME=noam
LD_LIBRARY_PATH=/usr/lib/jvm/java-6-openjdk/jre/lib/i386/server:/usr/lib/jvm/java-6-openjdk/jre/lib/i386:/usr/lib/jvm/java-6-openjdk/jre/../lib/i386:/usr/lib/jvm/java-6-openjdk/jre/lib/i386/client:/usr/lib/jvm/java-6-openjdk/jre/lib/i386:
SHELL=/bin/bash
DISPLAY=:0

Signal Handlers:
SIGSEGV: [libjvm.so+0x68ce20], sa_mask[0]=0x7ffbfeff, sa_flags=0x10000004
SIGBUS: [libjvm.so+0x68ce20], sa_mask[0]=0x7ffbfeff, sa_flags=0x10000004
SIGFPE: [libjvm.so+0x542930], sa_mask[0]=0x7ffbfeff, sa_flags=0x10000004
SIGPIPE: [libjvm.so+0x542930], sa_mask[0]=0x7ffbfeff, sa_flags=0x10000004
SIGXFSZ: [libjvm.so+0x542930], sa_mask[0]=0x7ffbfeff, sa_flags=0x10000004
SIGILL: [libjvm.so+0x542930], sa_mask[0]=0x7ffbfeff, sa_flags=0x10000004
SIGUSR1: SIG_DFL, sa_mask[0]=0x00000000, sa_flags=0x00000000
SIGUSR2: [libjvm.so+0x5427c0], sa_mask[0]=0x00000004, sa_flags=0x10000004
SIGHUP: SIG_DFL, sa_mask[0]=0x00000000, sa_flags=0x00000000
SIGINT: SIG_DFL, sa_mask[0]=0x00000000, sa_flags=0x00000000
SIGTERM: SIG_DFL, sa_mask[0]=0x00000000, sa_flags=0x00000000
SIGQUIT: SIG_DFL, sa_mask[0]=0x00000000, sa_flags=0x00000000


---------------  S Y S T E M  ---------------

OS:Linux
uname:Linux 3.0-ARCH #1 SMP PREEMPT Tue Aug 30 07:32:23 UTC 2011 i686
libc:glibc 2.14 NPTL 2.14 
rlimit: STACK 8192k, CORE 0k, NPROC 28142, NOFILE 4096, AS infinity
load average:0.10 0.06 0.06

/proc/meminfo:
MemTotal:        3604892 kB
MemFree:         1549632 kB
Buffers:           46456 kB
Cached:           501068 kB
SwapCached:            0 kB
Active:          1574360 kB
Inactive:         383392 kB
Active(anon):    1411116 kB
Inactive(anon):     1764 kB
Active(file):     163244 kB
Inactive(file):   381628 kB
Unevictable:          16 kB
Mlocked:              16 kB
HighTotal:       2745992 kB
HighFree:         814428 kB
LowTotal:         858900 kB
LowFree:          735204 kB
SwapTotal:       7811068 kB
SwapFree:        7811068 kB
Dirty:               440 kB
Writeback:             0 kB
AnonPages:       1410080 kB
Mapped:           139748 kB
Shmem:              2736 kB
Slab:              38604 kB
SReclaimable:      22460 kB
SUnreclaim:        16144 kB
KernelStack:        3104 kB
PageTables:        10220 kB
NFS_Unstable:          0 kB
Bounce:                0 kB
WritebackTmp:          0 kB
CommitLimit:     9613512 kB
Committed_AS:    4112888 kB
VmallocTotal:     122880 kB
VmallocUsed:       54816 kB
VmallocChunk:      42492 kB
HardwareCorrupted:     0 kB
AnonHugePages:    794624 kB
HugePages_Total:       0
HugePages_Free:        0
HugePages_Rsvd:        0
HugePages_Surp:        0
Hugepagesize:       4096 kB
DirectMap4k:       69624 kB
DirectMap4M:      839680 kB


CPU:total 4 (2 cores per cpu, 2 threads per core) family 6 model 42 stepping 7, cmov, cx8, fxsr, mmx, sse, sse2, sse3, ssse3, sse4.1, sse4.2, popcnt, ht

Memory: 4k page, physical 3604892k(1549632k free), swap 7811068k(7811068k free)

vm_info: OpenJDK Server VM (19.0-b09) for linux-x86 JRE (1.6.0_22-b22), built on Jul 21 2011 17:10:14 by "nobody" with gcc 4.6.1

time: Wed Oct 12 14:52:34 2011
elapsed time: 0 seconds

