#
# A fatal error has been detected by the Java Runtime Environment:
#
#  Internal Error (classFileParser.cpp:3375), pid=1422, tid=3063393136
#  Error: ShouldNotReachHere()
#
# JRE version: 6.0_22-b22
# Java VM: OpenJDK Server VM (19.0-b09 mixed mode linux-x86 )
# Derivative: IcedTea6 1.10.3
# Distribution: Custom build (Thu Jul 21 17:06:08 UTC 2011)
# If you would like to submit a bug report, please include
# instructions how to reproduce the bug and visit:
#   http://icedtea.classpath.org/bugzilla
#

---------------  T H R E A D  ---------------

Current thread (0x086d1000):  JavaThread "Unknown thread" [_thread_in_vm, id=1423, stack(0xb692a000,0xb697b000)]

Stack: [0xb692a000,0xb697b000]

[error occurred during error reporting (printing native stack), id 0xb]


---------------  P R O C E S S  ---------------

Java Threads: ( => current thread )

Other Threads:

=>0x086d1000 (exited) JavaThread "Unknown thread" [_thread_in_vm, id=1423, stack(0xb692a000,0xb697b000)]

VM state:not at safepoint (not fully initialized)

VM Mutex/Monitor currently owned by a thread: None

Dynamic libraries:
08048000-08051000 r-xp 00000000 08:05 406629     /usr/lib/jvm/java-6-openjdk/bin/java
08051000-08052000 rw-p 00008000 08:05 406629     /usr/lib/jvm/java-6-openjdk/bin/java
086c9000-08734000 rw-p 00000000 00:00 0          [heap]
73d00000-73d21000 rw-p 00000000 00:00 0 
73d21000-73e00000 ---p 00000000 00:00 0 
73e16000-73e8c000 r--s 00902000 08:06 3543452    /home/data/Programs/android-sdk-linux_x86/platforms/android-10/android.jar
73e8c000-73e8d000 ---p 00000000 00:00 0 
73e8d000-73f0d000 rw-p 00000000 00:00 0 
73f0d000-73f0e000 ---p 00000000 00:00 0 
73f0e000-73f8e000 rw-p 00000000 00:00 0 
73f8e000-73f8f000 ---p 00000000 00:00 0 
73f8f000-7400f000 rw-p 00000000 00:00 0 
7400f000-74010000 ---p 00000000 00:00 0 
74010000-74098000 rw-p 00000000 00:00 0 
74098000-740d0000 rw-p 00000000 00:00 0 
740d0000-740e3000 rw-p 00000000 00:00 0 
740e3000-741f6000 rw-p 00000000 00:00 0 
741f6000-741fe000 rw-p 00000000 00:00 0 
741fe000-74236000 rw-p 00000000 00:00 0 
74236000-74249000 rw-p 00000000 00:00 0 
74249000-7435c000 rw-p 00000000 00:00 0 
7435c000-74366000 rw-p 00000000 00:00 0 
74366000-743ef000 rw-p 00000000 00:00 0 
743ef000-753f0000 rw-p 00000000 00:00 0 
753f0000-7c3f0000 rw-p 00000000 00:00 0 
7c3f0000-7e8b0000 rw-p 00000000 00:00 0 
7e8b0000-a0ff0000 rw-p 00000000 00:00 0 
a0ff0000-a2240000 rw-p 00000000 00:00 0 
a2240000-b35f0000 rw-p 00000000 00:00 0 
b35f2000-b35fb000 rw-p 00000000 00:00 0 
b35fb000-b36b2000 rw-p 00000000 00:00 0 
b36b2000-b38f2000 rwxp 00000000 00:00 0 
b38f2000-b66b2000 rw-p 00000000 00:00 0 
b66b2000-b66bd000 r-xp 00000000 08:05 2490374    /lib/libnss_files-2.14.so
b66bd000-b66be000 r--p 0000a000 08:05 2490374    /lib/libnss_files-2.14.so
b66be000-b66bf000 rw-p 0000b000 08:05 2490374    /lib/libnss_files-2.14.so
b66bf000-b6884000 r--p 00000000 08:05 2902461    /usr/lib/locale/locale-archive
b6884000-b68c2000 r-xp 00000000 08:05 1052898    /usr/lib/jvm/java-6-openjdk/jre/lib/i386/libjdwp.so
b68c2000-b68c3000 rw-p 0003d000 08:05 1052898    /usr/lib/jvm/java-6-openjdk/jre/lib/i386/libjdwp.so
b68c3000-b68d8000 r-xp 00000000 08:05 2490412    /lib/libnsl-2.14.so
b68d8000-b68d9000 r--p 00015000 08:05 2490412    /lib/libnsl-2.14.so
b68d9000-b68da000 rw-p 00016000 08:05 2490412    /lib/libnsl-2.14.so
b68da000-b68dc000 rw-p 00000000 00:00 0 
b68e7000-b68ee000 r-xp 00000000 08:05 1052886    /usr/lib/jvm/java-6-openjdk/jre/lib/i386/libzip.so
b68ee000-b68ef000 rw-p 00007000 08:05 1052886    /usr/lib/jvm/java-6-openjdk/jre/lib/i386/libzip.so
b68ef000-b68f7000 rw-s 00000000 00:12 14569      /tmp/hsperfdata_noam/1422
b68f7000-b691f000 r-xp 00000000 08:05 1052896    /usr/lib/jvm/java-6-openjdk/jre/lib/i386/libjava.so
b691f000-b6921000 rw-p 00027000 08:05 1052896    /usr/lib/jvm/java-6-openjdk/jre/lib/i386/libjava.so
b6921000-b6928000 r-xp 00000000 08:05 2494830    /lib/librt-2.14.so
b6928000-b6929000 r--p 00006000 08:05 2494830    /lib/librt-2.14.so
b6929000-b692a000 rw-p 00007000 08:05 2494830    /lib/librt-2.14.so
b692a000-b692d000 ---p 00000000 00:00 0 
b692d000-b697b000 rw-p 00000000 00:00 0 
b697b000-b6997000 r-xp 00000000 08:05 2889751    /usr/lib/libgcc_s.so.1
b6997000-b6998000 rw-p 0001b000 08:05 2889751    /usr/lib/libgcc_s.so.1
b6998000-b69c0000 r-xp 00000000 08:05 2490402    /lib/libm-2.14.so
b69c0000-b69c1000 r--p 00027000 08:05 2490402    /lib/libm-2.14.so
b69c1000-b69c2000 rw-p 00028000 08:05 2490402    /lib/libm-2.14.so
b69c2000-b6aa5000 r-xp 00000000 08:05 2889733    /usr/lib/libstdc++.so.6.0.16
b6aa5000-b6aa9000 r--p 000e2000 08:05 2889733    /usr/lib/libstdc++.so.6.0.16
b6aa9000-b6aaa000 rw-p 000e6000 08:05 2889733    /usr/lib/libstdc++.so.6.0.16
b6aaa000-b6ab1000 rw-p 00000000 00:00 0 
b6ab1000-b72ad000 r-xp 00000000 08:05 1052911    /usr/lib/jvm/java-6-openjdk/jre/lib/i386/server/libjvm.so
b72ad000-b7300000 rw-p 007fc000 08:05 1052911    /usr/lib/jvm/java-6-openjdk/jre/lib/i386/server/libjvm.so
b7300000-b771b000 rw-p 00000000 00:00 0 
b771b000-b787d000 r-xp 00000000 08:05 2490400    /lib/libc-2.14.so
b787d000-b787e000 ---p 00162000 08:05 2490400    /lib/libc-2.14.so
b787e000-b7880000 r--p 00162000 08:05 2490400    /lib/libc-2.14.so
b7880000-b7881000 rw-p 00164000 08:05 2490400    /lib/libc-2.14.so
b7881000-b7884000 rw-p 00000000 00:00 0 
b7884000-b7887000 r-xp 00000000 08:05 2490407    /lib/libdl-2.14.so
b7887000-b7888000 r--p 00002000 08:05 2490407    /lib/libdl-2.14.so
b7888000-b7889000 rw-p 00003000 08:05 2490407    /lib/libdl-2.14.so
b7889000-b788a000 rw-p 00000000 00:00 0 
b788a000-b788e000 r-xp 00000000 08:05 1052919    /usr/lib/jvm/java-6-openjdk/jre/lib/i386/jli/libjli.so
b788e000-b788f000 rw-p 00003000 08:05 1052919    /usr/lib/jvm/java-6-openjdk/jre/lib/i386/jli/libjli.so
b788f000-b78a6000 r-xp 00000000 08:05 2490376    /lib/libpthread-2.14.so
b78a6000-b78a7000 r--p 00016000 08:05 2490376    /lib/libpthread-2.14.so
b78a7000-b78a8000 rw-p 00017000 08:05 2490376    /lib/libpthread-2.14.so
b78a8000-b78aa000 rw-p 00000000 00:00 0 
b78aa000-b78c0000 r-xp 00000000 08:05 2886518    /usr/lib/libz.so.1.2.5
b78c0000-b78c1000 r--p 00015000 08:05 2886518    /usr/lib/libz.so.1.2.5
b78c1000-b78c2000 rw-p 00016000 08:05 2886518    /usr/lib/libz.so.1.2.5
b78c2000-b78c5000 r-xp 00000000 08:05 1052878    /usr/lib/jvm/java-6-openjdk/jre/lib/i386/libnpt.so
b78c5000-b78c6000 rw-p 00002000 08:05 1052878    /usr/lib/jvm/java-6-openjdk/jre/lib/i386/libnpt.so
b78c6000-b78ce000 r-xp 00000000 08:05 1052917    /usr/lib/jvm/java-6-openjdk/jre/lib/i386/native_threads/libhpi.so
b78ce000-b78cf000 rw-p 00008000 08:05 1052917    /usr/lib/jvm/java-6-openjdk/jre/lib/i386/native_threads/libhpi.so
b78cf000-b78d0000 rw-p 00000000 00:00 0 
b78d0000-b78d1000 r--p 00000000 00:00 0 
b78d1000-b78dc000 r-xp 00000000 08:05 1052882    /usr/lib/jvm/java-6-openjdk/jre/lib/i386/libverify.so
b78dc000-b78dd000 rw-p 0000b000 08:05 1052882    /usr/lib/jvm/java-6-openjdk/jre/lib/i386/libverify.so
b78dd000-b78de000 rw-p 00000000 00:00 0 
b78de000-b78df000 r-xp 00000000 00:00 0          [vdso]
b78df000-b78fe000 r-xp 00000000 08:05 2490403    /lib/ld-2.14.so
b78fe000-b78ff000 r--p 0001e000 08:05 2490403    /lib/ld-2.14.so
b78ff000-b7900000 rw-p 0001f000 08:05 2490403    /lib/ld-2.14.so
bf900000-bf921000 rw-p 00000000 00:00 0          [stack]

VM Arguments:
jvm_args: -agentlib:jdwp=transport=dt_socket,suspend=y,address=localhost:34824 -Dfile.encoding=UTF-8 -Xbootclasspath:/home/noam/Programs/android-sdk-linux_x86/platforms/android-10/android.jar 
java_command: umich.pitchcoach.test.CircularShortBufferTestDriver
Launcher Type: SUN_STANDARD

Environment Variables:
JAVA_HOME=/usr/lib/jvm/java-6-openjdk
PATH=/usr/local/bin:/usr/bin:/bin:/usr/local/sbin:/usr/sbin:/sbin:/usr/bin/core_perl
USERNAME=noam
LD_LIBRARY_PATH=/usr/lib/jvm/java-6-openjdk/jre/lib/i386/server:/usr/lib/jvm/java-6-openjdk/jre/lib/i386:/usr/lib/jvm/java-6-openjdk/jre/../lib/i386:/usr/lib/jvm/java-6-openjdk/jre/lib/i386/client:/usr/lib/jvm/java-6-openjdk/jre/lib/i386:
SHELL=/bin/bash
DISPLAY=:0

Signal Handlers:
SIGSEGV: [libjvm.so+0x68ce20], sa_mask[0]=0x7ffbfeff, sa_flags=0x10000004
SIGBUS: [libjvm.so+0x68ce20], sa_mask[0]=0x7ffbfeff, sa_flags=0x10000004
SIGFPE: [libjvm.so+0x542930], sa_mask[0]=0x7ffbfeff, sa_flags=0x10000004
SIGPIPE: [libjvm.so+0x542930], sa_mask[0]=0x7ffbfeff, sa_flags=0x10000004
SIGXFSZ: [libjvm.so+0x542930], sa_mask[0]=0x7ffbfeff, sa_flags=0x10000004
SIGILL: [libjvm.so+0x542930], sa_mask[0]=0x7ffbfeff, sa_flags=0x10000004
SIGUSR1: SIG_DFL, sa_mask[0]=0x00000000, sa_flags=0x00000000
SIGUSR2: [libjvm.so+0x5427c0], sa_mask[0]=0x00000004, sa_flags=0x10000004
SIGHUP: SIG_DFL, sa_mask[0]=0x00000000, sa_flags=0x00000000
SIGINT: SIG_DFL, sa_mask[0]=0x00000000, sa_flags=0x00000000
SIGTERM: SIG_DFL, sa_mask[0]=0x00000000, sa_flags=0x00000000
SIGQUIT: SIG_DFL, sa_mask[0]=0x00000000, sa_flags=0x00000000


---------------  S Y S T E M  ---------------

OS:Linux
uname:Linux 3.0-ARCH #1 SMP PREEMPT Tue Aug 30 07:32:23 UTC 2011 i686
libc:glibc 2.14 NPTL 2.14 
rlimit: STACK 8192k, CORE 0k, NPROC 28142, NOFILE 4096, AS infinity
load average:1.02 0.49 0.19

/proc/meminfo:
MemTotal:        3604892 kB
MemFree:         2524904 kB
Buffers:           27464 kB
Cached:           340620 kB
SwapCached:            0 kB
Active:           717540 kB
Inactive:         292608 kB
Active(anon):     642536 kB
Inactive(anon):      984 kB
Active(file):      75004 kB
Inactive(file):   291624 kB
Unevictable:           0 kB
Mlocked:               0 kB
HighTotal:       2745992 kB
HighFree:        1743500 kB
LowTotal:         858900 kB
LowFree:          781404 kB
SwapTotal:       7811068 kB
SwapFree:        7811068 kB
Dirty:               288 kB
Writeback:             0 kB
AnonPages:        638132 kB
Mapped:            72372 kB
Shmem:              1388 kB
Slab:              23940 kB
SReclaimable:      11480 kB
SUnreclaim:        12460 kB
KernelStack:        2072 kB
PageTables:         2284 kB
NFS_Unstable:          0 kB
Bounce:                0 kB
WritebackTmp:          0 kB
CommitLimit:     9613512 kB
Committed_AS:    1343700 kB
VmallocTotal:     122880 kB
VmallocUsed:       54496 kB
VmallocChunk:      43004 kB
HardwareCorrupted:     0 kB
AnonHugePages:    446464 kB
HugePages_Total:       0
HugePages_Free:        0
HugePages_Rsvd:        0
HugePages_Surp:        0
Hugepagesize:       4096 kB
DirectMap4k:       53240 kB
DirectMap4M:      856064 kB


CPU:total 4 (2 cores per cpu, 2 threads per core) family 6 model 42 stepping 7, cmov, cx8, fxsr, mmx, sse, sse2, sse3, ssse3, sse4.1, sse4.2, popcnt, ht

Memory: 4k page, physical 3604892k(2524904k free), swap 7811068k(7811068k free)

vm_info: OpenJDK Server VM (19.0-b09) for linux-x86 JRE (1.6.0_22-b22), built on Jul 21 2011 17:10:14 by "nobody" with gcc 4.6.1

time: Thu Sep 29 20:33:39 2011
elapsed time: 0 seconds

