#
# A fatal error has been detected by the Java Runtime Environment:
#
#  Internal Error (classFileParser.cpp:3375), pid=2178, tid=3062463344
#  Error: ShouldNotReachHere()
#
# JRE version: 6.0_22-b22
# Java VM: OpenJDK Server VM (19.0-b09 mixed mode linux-x86 )
# Derivative: IcedTea6 1.10.3
# Distribution: Custom build (Thu Jul 21 17:06:08 UTC 2011)
# If you would like to submit a bug report, please include
# instructions how to reproduce the bug and visit:
#   http://icedtea.classpath.org/bugzilla
#

---------------  T H R E A D  ---------------

Current thread (0x09291c00):  JavaThread "Unknown thread" [_thread_in_vm, id=2179, stack(0xb6847000,0xb6898000)]

Stack: [0xb6847000,0xb6898000]

[error occurred during error reporting (printing native stack), id 0xb]


---------------  P R O C E S S  ---------------

Java Threads: ( => current thread )

Other Threads:

=>0x09291c00 (exited) JavaThread "Unknown thread" [_thread_in_vm, id=2179, stack(0xb6847000,0xb6898000)]

VM state:not at safepoint (not fully initialized)

VM Mutex/Monitor currently owned by a thread: None

Dynamic libraries:
08048000-08051000 r-xp 00000000 08:05 406629     /usr/lib/jvm/java-6-openjdk/bin/java
08051000-08052000 rw-p 00008000 08:05 406629     /usr/lib/jvm/java-6-openjdk/bin/java
0928b000-092ac000 rw-p 00000000 00:00 0          [heap]
73c00000-73c46000 rw-p 00000000 00:00 0 
73c46000-73d00000 ---p 00000000 00:00 0 
73e00000-73e21000 rw-p 00000000 00:00 0 
73e21000-73f00000 ---p 00000000 00:00 0 
73f36000-73fac000 r--s 00902000 08:06 3543452    /home/data/Programs/android-sdk-linux_x86/platforms/android-10/android.jar
73fac000-73fad000 ---p 00000000 00:00 0 
73fad000-7402d000 rw-p 00000000 00:00 0 
7402d000-7402e000 ---p 00000000 00:00 0 
7402e000-740ae000 rw-p 00000000 00:00 0 
740ae000-740af000 ---p 00000000 00:00 0 
740af000-7412f000 rw-p 00000000 00:00 0 
7412f000-74130000 ---p 00000000 00:00 0 
74130000-741b8000 rw-p 00000000 00:00 0 
741b8000-741f0000 rw-p 00000000 00:00 0 
741f0000-74203000 rw-p 00000000 00:00 0 
74203000-74316000 rw-p 00000000 00:00 0 
74316000-7431e000 rw-p 00000000 00:00 0 
7431e000-74356000 rw-p 00000000 00:00 0 
74356000-74369000 rw-p 00000000 00:00 0 
74369000-7447c000 rw-p 00000000 00:00 0 
7447c000-74486000 rw-p 00000000 00:00 0 
74486000-7450f000 rw-p 00000000 00:00 0 
7450f000-75510000 rw-p 00000000 00:00 0 
75510000-7c510000 rw-p 00000000 00:00 0 
7c510000-7e9d0000 rw-p 00000000 00:00 0 
7e9d0000-a1110000 rw-p 00000000 00:00 0 
a1110000-a2360000 rw-p 00000000 00:00 0 
a2360000-b3710000 rw-p 00000000 00:00 0 
b3710000-b3719000 rw-p 00000000 00:00 0 
b3719000-b37d0000 rw-p 00000000 00:00 0 
b37d0000-b3a10000 rwxp 00000000 00:00 0 
b3a10000-b67d0000 rw-p 00000000 00:00 0 
b67d0000-b67db000 r-xp 00000000 08:05 2490374    /lib/libnss_files-2.14.so
b67db000-b67dc000 r--p 0000a000 08:05 2490374    /lib/libnss_files-2.14.so
b67dc000-b67dd000 rw-p 0000b000 08:05 2490374    /lib/libnss_files-2.14.so
b67dd000-b67f2000 r-xp 00000000 08:05 2490412    /lib/libnsl-2.14.so
b67f2000-b67f3000 r--p 00015000 08:05 2490412    /lib/libnsl-2.14.so
b67f3000-b67f4000 rw-p 00016000 08:05 2490412    /lib/libnsl-2.14.so
b67f4000-b67f6000 rw-p 00000000 00:00 0 
b6804000-b680b000 r-xp 00000000 08:05 1052886    /usr/lib/jvm/java-6-openjdk/jre/lib/i386/libzip.so
b680b000-b680c000 rw-p 00007000 08:05 1052886    /usr/lib/jvm/java-6-openjdk/jre/lib/i386/libzip.so
b680c000-b6814000 rw-s 00000000 00:12 23002      /tmp/hsperfdata_noam/2178
b6814000-b683c000 r-xp 00000000 08:05 1052896    /usr/lib/jvm/java-6-openjdk/jre/lib/i386/libjava.so
b683c000-b683e000 rw-p 00027000 08:05 1052896    /usr/lib/jvm/java-6-openjdk/jre/lib/i386/libjava.so
b683e000-b6845000 r-xp 00000000 08:05 2494830    /lib/librt-2.14.so
b6845000-b6846000 r--p 00006000 08:05 2494830    /lib/librt-2.14.so
b6846000-b6847000 rw-p 00007000 08:05 2494830    /lib/librt-2.14.so
b6847000-b684a000 ---p 00000000 00:00 0 
b684a000-b6898000 rw-p 00000000 00:00 0 
b6898000-b68b4000 r-xp 00000000 08:05 2889751    /usr/lib/libgcc_s.so.1
b68b4000-b68b5000 rw-p 0001b000 08:05 2889751    /usr/lib/libgcc_s.so.1
b68b5000-b68dd000 r-xp 00000000 08:05 2490402    /lib/libm-2.14.so
b68dd000-b68de000 r--p 00027000 08:05 2490402    /lib/libm-2.14.so
b68de000-b68df000 rw-p 00028000 08:05 2490402    /lib/libm-2.14.so
b68df000-b69c2000 r-xp 00000000 08:05 2889733    /usr/lib/libstdc++.so.6.0.16
b69c2000-b69c6000 r--p 000e2000 08:05 2889733    /usr/lib/libstdc++.so.6.0.16
b69c6000-b69c7000 rw-p 000e6000 08:05 2889733    /usr/lib/libstdc++.so.6.0.16
b69c7000-b69ce000 rw-p 00000000 00:00 0 
b69ce000-b71ca000 r-xp 00000000 08:05 1052911    /usr/lib/jvm/java-6-openjdk/jre/lib/i386/server/libjvm.so
b71ca000-b721d000 rw-p 007fc000 08:05 1052911    /usr/lib/jvm/java-6-openjdk/jre/lib/i386/server/libjvm.so
b721d000-b7638000 rw-p 00000000 00:00 0 
b7638000-b779a000 r-xp 00000000 08:05 2490400    /lib/libc-2.14.so
b779a000-b779b000 ---p 00162000 08:05 2490400    /lib/libc-2.14.so
b779b000-b779d000 r--p 00162000 08:05 2490400    /lib/libc-2.14.so
b779d000-b779e000 rw-p 00164000 08:05 2490400    /lib/libc-2.14.so
b779e000-b77a1000 rw-p 00000000 00:00 0 
b77a1000-b77a4000 r-xp 00000000 08:05 2490407    /lib/libdl-2.14.so
b77a4000-b77a5000 r--p 00002000 08:05 2490407    /lib/libdl-2.14.so
b77a5000-b77a6000 rw-p 00003000 08:05 2490407    /lib/libdl-2.14.so
b77a6000-b77a7000 rw-p 00000000 00:00 0 
b77a7000-b77ab000 r-xp 00000000 08:05 1052919    /usr/lib/jvm/java-6-openjdk/jre/lib/i386/jli/libjli.so
b77ab000-b77ac000 rw-p 00003000 08:05 1052919    /usr/lib/jvm/java-6-openjdk/jre/lib/i386/jli/libjli.so
b77ac000-b77c3000 r-xp 00000000 08:05 2490376    /lib/libpthread-2.14.so
b77c3000-b77c4000 r--p 00016000 08:05 2490376    /lib/libpthread-2.14.so
b77c4000-b77c5000 rw-p 00017000 08:05 2490376    /lib/libpthread-2.14.so
b77c5000-b77c7000 rw-p 00000000 00:00 0 
b77c7000-b77dd000 r-xp 00000000 08:05 2886518    /usr/lib/libz.so.1.2.5
b77dd000-b77de000 r--p 00015000 08:05 2886518    /usr/lib/libz.so.1.2.5
b77de000-b77df000 rw-p 00016000 08:05 2886518    /usr/lib/libz.so.1.2.5
b77e6000-b77ee000 r-xp 00000000 08:05 1052917    /usr/lib/jvm/java-6-openjdk/jre/lib/i386/native_threads/libhpi.so
b77ee000-b77ef000 rw-p 00008000 08:05 1052917    /usr/lib/jvm/java-6-openjdk/jre/lib/i386/native_threads/libhpi.so
b77ef000-b77f0000 rw-p 00000000 00:00 0 
b77f0000-b77f1000 r--p 00000000 00:00 0 
b77f1000-b77fc000 r-xp 00000000 08:05 1052882    /usr/lib/jvm/java-6-openjdk/jre/lib/i386/libverify.so
b77fc000-b77fd000 rw-p 0000b000 08:05 1052882    /usr/lib/jvm/java-6-openjdk/jre/lib/i386/libverify.so
b77fd000-b77fe000 rw-p 00000000 00:00 0 
b77fe000-b77ff000 r-xp 00000000 00:00 0          [vdso]
b77ff000-b781e000 r-xp 00000000 08:05 2490403    /lib/ld-2.14.so
b781e000-b781f000 r--p 0001e000 08:05 2490403    /lib/ld-2.14.so
b781f000-b7820000 rw-p 0001f000 08:05 2490403    /lib/ld-2.14.so
bfca0000-bfcc1000 rw-p 00000000 00:00 0          [stack]

VM Arguments:
jvm_args: -Dfile.encoding=UTF-8 -Xbootclasspath:/home/noam/Programs/android-sdk-linux_x86/platforms/android-10/android.jar 
java_command: umich.pitchcoach.test.PeakDetectorTest
Launcher Type: SUN_STANDARD

Environment Variables:
JAVA_HOME=/usr/lib/jvm/java-6-openjdk
PATH=/usr/local/bin:/usr/bin:/bin:/usr/local/sbin:/usr/sbin:/sbin:/usr/bin/core_perl
USERNAME=noam
LD_LIBRARY_PATH=/usr/lib/jvm/java-6-openjdk/jre/lib/i386/server:/usr/lib/jvm/java-6-openjdk/jre/lib/i386:/usr/lib/jvm/java-6-openjdk/jre/../lib/i386:/usr/lib/jvm/java-6-openjdk/jre/lib/i386/client:/usr/lib/jvm/java-6-openjdk/jre/lib/i386:
SHELL=/bin/bash
DISPLAY=:0

Signal Handlers:
SIGSEGV: [libjvm.so+0x68ce20], sa_mask[0]=0x7ffbfeff, sa_flags=0x10000004
SIGBUS: [libjvm.so+0x68ce20], sa_mask[0]=0x7ffbfeff, sa_flags=0x10000004
SIGFPE: [libjvm.so+0x542930], sa_mask[0]=0x7ffbfeff, sa_flags=0x10000004
SIGPIPE: [libjvm.so+0x542930], sa_mask[0]=0x7ffbfeff, sa_flags=0x10000004
SIGXFSZ: [libjvm.so+0x542930], sa_mask[0]=0x7ffbfeff, sa_flags=0x10000004
SIGILL: [libjvm.so+0x542930], sa_mask[0]=0x7ffbfeff, sa_flags=0x10000004
SIGUSR1: SIG_DFL, sa_mask[0]=0x00000000, sa_flags=0x00000000
SIGUSR2: [libjvm.so+0x5427c0], sa_mask[0]=0x00000004, sa_flags=0x10000004
SIGHUP: SIG_DFL, sa_mask[0]=0x00000000, sa_flags=0x00000000
SIGINT: SIG_DFL, sa_mask[0]=0x00000000, sa_flags=0x00000000
SIGTERM: SIG_DFL, sa_mask[0]=0x00000000, sa_flags=0x00000000
SIGQUIT: SIG_DFL, sa_mask[0]=0x00000000, sa_flags=0x00000000


---------------  S Y S T E M  ---------------

OS:Linux
uname:Linux 3.0-ARCH #1 SMP PREEMPT Tue Aug 30 07:32:23 UTC 2011 i686
libc:glibc 2.14 NPTL 2.14 
rlimit: STACK 8192k, CORE 0k, NPROC 28142, NOFILE 4096, AS infinity
load average:0.11 0.07 0.09

/proc/meminfo:
MemTotal:        3604892 kB
MemFree:         2238592 kB
Buffers:           39160 kB
Cached:           445816 kB
SwapCached:            0 kB
Active:           928456 kB
Inactive:         358468 kB
Active(anon):     802064 kB
Inactive(anon):     1216 kB
Active(file):     126392 kB
Inactive(file):   357252 kB
Unevictable:          16 kB
Mlocked:              16 kB
HighTotal:       2745992 kB
HighFree:        1481544 kB
LowTotal:         858900 kB
LowFree:          757048 kB
SwapTotal:       7811068 kB
SwapFree:        7811068 kB
Dirty:               504 kB
Writeback:             0 kB
AnonPages:        802420 kB
Mapped:            99412 kB
Shmem:              1340 kB
Slab:              32804 kB
SReclaimable:      18524 kB
SUnreclaim:        14280 kB
KernelStack:        2344 kB
PageTables:         3152 kB
NFS_Unstable:          0 kB
Bounce:                0 kB
WritebackTmp:          0 kB
CommitLimit:     9613512 kB
Committed_AS:    1933344 kB
VmallocTotal:     122880 kB
VmallocUsed:       54948 kB
VmallocChunk:      42492 kB
HardwareCorrupted:     0 kB
AnonHugePages:    557056 kB
HugePages_Total:       0
HugePages_Free:        0
HugePages_Rsvd:        0
HugePages_Surp:        0
Hugepagesize:       4096 kB
DirectMap4k:       61432 kB
DirectMap4M:      847872 kB


CPU:total 4 (2 cores per cpu, 2 threads per core) family 6 model 42 stepping 7, cmov, cx8, fxsr, mmx, sse, sse2, sse3, ssse3, sse4.1, sse4.2, popcnt, ht

Memory: 4k page, physical 3604892k(2238592k free), swap 7811068k(7811068k free)

vm_info: OpenJDK Server VM (19.0-b09) for linux-x86 JRE (1.6.0_22-b22), built on Jul 21 2011 17:10:14 by "nobody" with gcc 4.6.1

time: Wed Oct 12 13:50:01 2011
elapsed time: 0 seconds

