#
# A fatal error has been detected by the Java Runtime Environment:
#
#  Internal Error (classFileParser.cpp:3375), pid=2425, tid=3063176048
#  Error: ShouldNotReachHere()
#
# JRE version: 6.0_22-b22
# Java VM: OpenJDK Server VM (19.0-b09 mixed mode linux-x86 )
# Derivative: IcedTea6 1.10.3
# Distribution: Custom build (Thu Jul 21 17:06:08 UTC 2011)
# If you would like to submit a bug report, please include
# instructions how to reproduce the bug and visit:
#   http://icedtea.classpath.org/bugzilla
#

---------------  T H R E A D  ---------------

Current thread (0x09b0ec00):  JavaThread "Unknown thread" [_thread_in_vm, id=2430, stack(0xb68f5000,0xb6946000)]

Stack: [0xb68f5000,0xb6946000]

[error occurred during error reporting (printing native stack), id 0xb]


---------------  P R O C E S S  ---------------

Java Threads: ( => current thread )

Other Threads:

=>0x09b0ec00 (exited) JavaThread "Unknown thread" [_thread_in_vm, id=2430, stack(0xb68f5000,0xb6946000)]

VM state:not at safepoint (not fully initialized)

VM Mutex/Monitor currently owned by a thread: None

Dynamic libraries:
08048000-08051000 r-xp 00000000 08:05 406629     /usr/lib/jvm/java-6-openjdk/bin/java
08051000-08052000 rw-p 00008000 08:05 406629     /usr/lib/jvm/java-6-openjdk/bin/java
09b08000-09b29000 rw-p 00000000 00:00 0          [heap]
73e8a000-73f00000 r--s 00902000 08:06 3543452    /home/data/Programs/android-sdk-linux_x86/platforms/android-10/android.jar
73f00000-73f46000 rw-p 00000000 00:00 0 
73f46000-74000000 ---p 00000000 00:00 0 
7404c000-7404d000 ---p 00000000 00:00 0 
7404d000-740cd000 rw-p 00000000 00:00 0 
740cd000-740ce000 ---p 00000000 00:00 0 
740ce000-7414e000 rw-p 00000000 00:00 0 
7414e000-7414f000 ---p 00000000 00:00 0 
7414f000-741cf000 rw-p 00000000 00:00 0 
741cf000-741d0000 ---p 00000000 00:00 0 
741d0000-74258000 rw-p 00000000 00:00 0 
74258000-74290000 rw-p 00000000 00:00 0 
74290000-742a3000 rw-p 00000000 00:00 0 
742a3000-743b6000 rw-p 00000000 00:00 0 
743b6000-743be000 rw-p 00000000 00:00 0 
743be000-743f6000 rw-p 00000000 00:00 0 
743f6000-74409000 rw-p 00000000 00:00 0 
74409000-7451c000 rw-p 00000000 00:00 0 
7451c000-74526000 rw-p 00000000 00:00 0 
74526000-745af000 rw-p 00000000 00:00 0 
745af000-755b0000 rw-p 00000000 00:00 0 
755b0000-7c5b0000 rw-p 00000000 00:00 0 
7c5b0000-7ea70000 rw-p 00000000 00:00 0 
7ea70000-a11b0000 rw-p 00000000 00:00 0 
a11b0000-a2400000 rw-p 00000000 00:00 0 
a2400000-b37b0000 rw-p 00000000 00:00 0 
b37be000-b37c7000 rw-p 00000000 00:00 0 
b37c7000-b387e000 rw-p 00000000 00:00 0 
b387e000-b3abe000 rwxp 00000000 00:00 0 
b3abe000-b687e000 rw-p 00000000 00:00 0 
b687e000-b6889000 r-xp 00000000 08:05 2490374    /lib/libnss_files-2.14.so
b6889000-b688a000 r--p 0000a000 08:05 2490374    /lib/libnss_files-2.14.so
b688a000-b688b000 rw-p 0000b000 08:05 2490374    /lib/libnss_files-2.14.so
b688b000-b68a0000 r-xp 00000000 08:05 2490412    /lib/libnsl-2.14.so
b68a0000-b68a1000 r--p 00015000 08:05 2490412    /lib/libnsl-2.14.so
b68a1000-b68a2000 rw-p 00016000 08:05 2490412    /lib/libnsl-2.14.so
b68a2000-b68a4000 rw-p 00000000 00:00 0 
b68b2000-b68b9000 r-xp 00000000 08:05 1052886    /usr/lib/jvm/java-6-openjdk/jre/lib/i386/libzip.so
b68b9000-b68ba000 rw-p 00007000 08:05 1052886    /usr/lib/jvm/java-6-openjdk/jre/lib/i386/libzip.so
b68ba000-b68c2000 rw-s 00000000 00:12 32900      /tmp/hsperfdata_noam/2425
b68c2000-b68ea000 r-xp 00000000 08:05 1052896    /usr/lib/jvm/java-6-openjdk/jre/lib/i386/libjava.so
b68ea000-b68ec000 rw-p 00027000 08:05 1052896    /usr/lib/jvm/java-6-openjdk/jre/lib/i386/libjava.so
b68ec000-b68f3000 r-xp 00000000 08:05 2494830    /lib/librt-2.14.so
b68f3000-b68f4000 r--p 00006000 08:05 2494830    /lib/librt-2.14.so
b68f4000-b68f5000 rw-p 00007000 08:05 2494830    /lib/librt-2.14.so
b68f5000-b68f8000 ---p 00000000 00:00 0 
b68f8000-b6946000 rw-p 00000000 00:00 0 
b6946000-b6962000 r-xp 00000000 08:05 2889751    /usr/lib/libgcc_s.so.1
b6962000-b6963000 rw-p 0001b000 08:05 2889751    /usr/lib/libgcc_s.so.1
b6963000-b698b000 r-xp 00000000 08:05 2490402    /lib/libm-2.14.so
b698b000-b698c000 r--p 00027000 08:05 2490402    /lib/libm-2.14.so
b698c000-b698d000 rw-p 00028000 08:05 2490402    /lib/libm-2.14.so
b698d000-b6a70000 r-xp 00000000 08:05 2889733    /usr/lib/libstdc++.so.6.0.16
b6a70000-b6a74000 r--p 000e2000 08:05 2889733    /usr/lib/libstdc++.so.6.0.16
b6a74000-b6a75000 rw-p 000e6000 08:05 2889733    /usr/lib/libstdc++.so.6.0.16
b6a75000-b6a7c000 rw-p 00000000 00:00 0 
b6a7c000-b7278000 r-xp 00000000 08:05 1052911    /usr/lib/jvm/java-6-openjdk/jre/lib/i386/server/libjvm.so
b7278000-b72cb000 rw-p 007fc000 08:05 1052911    /usr/lib/jvm/java-6-openjdk/jre/lib/i386/server/libjvm.so
b72cb000-b76e6000 rw-p 00000000 00:00 0 
b76e6000-b7848000 r-xp 00000000 08:05 2490400    /lib/libc-2.14.so
b7848000-b7849000 ---p 00162000 08:05 2490400    /lib/libc-2.14.so
b7849000-b784b000 r--p 00162000 08:05 2490400    /lib/libc-2.14.so
b784b000-b784c000 rw-p 00164000 08:05 2490400    /lib/libc-2.14.so
b784c000-b784f000 rw-p 00000000 00:00 0 
b784f000-b7852000 r-xp 00000000 08:05 2490407    /lib/libdl-2.14.so
b7852000-b7853000 r--p 00002000 08:05 2490407    /lib/libdl-2.14.so
b7853000-b7854000 rw-p 00003000 08:05 2490407    /lib/libdl-2.14.so
b7854000-b7855000 rw-p 00000000 00:00 0 
b7855000-b7859000 r-xp 00000000 08:05 1052919    /usr/lib/jvm/java-6-openjdk/jre/lib/i386/jli/libjli.so
b7859000-b785a000 rw-p 00003000 08:05 1052919    /usr/lib/jvm/java-6-openjdk/jre/lib/i386/jli/libjli.so
b785a000-b7871000 r-xp 00000000 08:05 2490376    /lib/libpthread-2.14.so
b7871000-b7872000 r--p 00016000 08:05 2490376    /lib/libpthread-2.14.so
b7872000-b7873000 rw-p 00017000 08:05 2490376    /lib/libpthread-2.14.so
b7873000-b7875000 rw-p 00000000 00:00 0 
b7875000-b788b000 r-xp 00000000 08:05 2886518    /usr/lib/libz.so.1.2.5
b788b000-b788c000 r--p 00015000 08:05 2886518    /usr/lib/libz.so.1.2.5
b788c000-b788d000 rw-p 00016000 08:05 2886518    /usr/lib/libz.so.1.2.5
b7894000-b789c000 r-xp 00000000 08:05 1052917    /usr/lib/jvm/java-6-openjdk/jre/lib/i386/native_threads/libhpi.so
b789c000-b789d000 rw-p 00008000 08:05 1052917    /usr/lib/jvm/java-6-openjdk/jre/lib/i386/native_threads/libhpi.so
b789d000-b789e000 rw-p 00000000 00:00 0 
b789e000-b789f000 r--p 00000000 00:00 0 
b789f000-b78aa000 r-xp 00000000 08:05 1052882    /usr/lib/jvm/java-6-openjdk/jre/lib/i386/libverify.so
b78aa000-b78ab000 rw-p 0000b000 08:05 1052882    /usr/lib/jvm/java-6-openjdk/jre/lib/i386/libverify.so
b78ab000-b78ac000 rw-p 00000000 00:00 0 
b78ac000-b78ad000 r-xp 00000000 00:00 0          [vdso]
b78ad000-b78cc000 r-xp 00000000 08:05 2490403    /lib/ld-2.14.so
b78cc000-b78cd000 r--p 0001e000 08:05 2490403    /lib/ld-2.14.so
b78cd000-b78ce000 rw-p 0001f000 08:05 2490403    /lib/ld-2.14.so
bfca6000-bfcc7000 rw-p 00000000 00:00 0          [stack]

VM Arguments:
jvm_args: -Dfile.encoding=UTF-8 -Xbootclasspath:/home/noam/Programs/android-sdk-linux_x86/platforms/android-10/android.jar 
java_command: umich.pitchcoach.test.PeakDetectorTest
Launcher Type: SUN_STANDARD

Environment Variables:
JAVA_HOME=/usr/lib/jvm/java-6-openjdk
PATH=/usr/local/bin:/usr/bin:/bin:/usr/local/sbin:/usr/sbin:/sbin:/usr/bin/core_perl
USERNAME=noam
LD_LIBRARY_PATH=/usr/lib/jvm/java-6-openjdk/jre/lib/i386/server:/usr/lib/jvm/java-6-openjdk/jre/lib/i386:/usr/lib/jvm/java-6-openjdk/jre/../lib/i386:/usr/lib/jvm/java-6-openjdk/jre/lib/i386/client:/usr/lib/jvm/java-6-openjdk/jre/lib/i386:
SHELL=/bin/bash
DISPLAY=:0

Signal Handlers:
SIGSEGV: [libjvm.so+0x68ce20], sa_mask[0]=0x7ffbfeff, sa_flags=0x10000004
SIGBUS: [libjvm.so+0x68ce20], sa_mask[0]=0x7ffbfeff, sa_flags=0x10000004
SIGFPE: [libjvm.so+0x542930], sa_mask[0]=0x7ffbfeff, sa_flags=0x10000004
SIGPIPE: [libjvm.so+0x542930], sa_mask[0]=0x7ffbfeff, sa_flags=0x10000004
SIGXFSZ: [libjvm.so+0x542930], sa_mask[0]=0x7ffbfeff, sa_flags=0x10000004
SIGILL: [libjvm.so+0x542930], sa_mask[0]=0x7ffbfeff, sa_flags=0x10000004
SIGUSR1: SIG_DFL, sa_mask[0]=0x00000000, sa_flags=0x00000000
SIGUSR2: [libjvm.so+0x5427c0], sa_mask[0]=0x00000004, sa_flags=0x10000004
SIGHUP: SIG_DFL, sa_mask[0]=0x00000000, sa_flags=0x00000000
SIGINT: SIG_DFL, sa_mask[0]=0x00000000, sa_flags=0x00000000
SIGTERM: SIG_DFL, sa_mask[0]=0x00000000, sa_flags=0x00000000
SIGQUIT: SIG_DFL, sa_mask[0]=0x00000000, sa_flags=0x00000000


---------------  S Y S T E M  ---------------

OS:Linux
uname:Linux 3.0-ARCH #1 SMP PREEMPT Tue Aug 30 07:32:23 UTC 2011 i686
libc:glibc 2.14 NPTL 2.14 
rlimit: STACK 8192k, CORE 0k, NPROC 28142, NOFILE 4096, AS infinity
load average:0.15 0.12 0.10

/proc/meminfo:
MemTotal:        3604892 kB
MemFree:         2067700 kB
Buffers:           39792 kB
Cached:           459472 kB
SwapCached:            0 kB
Active:          1096092 kB
Inactive:         352928 kB
Active(anon):     950060 kB
Inactive(anon):     1928 kB
Active(file):     146032 kB
Inactive(file):   351000 kB
Unevictable:          16 kB
Mlocked:              16 kB
HighTotal:       2745992 kB
HighFree:        1315612 kB
LowTotal:         858900 kB
LowFree:          752088 kB
SwapTotal:       7811068 kB
SwapFree:        7811068 kB
Dirty:                96 kB
Writeback:             0 kB
AnonPages:        949744 kB
Mapped:           131136 kB
Shmem:              2240 kB
Slab:              34464 kB
SReclaimable:      19748 kB
SUnreclaim:        14716 kB
KernelStack:        2704 kB
PageTables:         5568 kB
NFS_Unstable:          0 kB
Bounce:                0 kB
WritebackTmp:          0 kB
CommitLimit:     9613512 kB
Committed_AS:    2838432 kB
VmallocTotal:     122880 kB
VmallocUsed:       54948 kB
VmallocChunk:      42492 kB
HardwareCorrupted:     0 kB
AnonHugePages:    552960 kB
HugePages_Total:       0
HugePages_Free:        0
HugePages_Rsvd:        0
HugePages_Surp:        0
Hugepagesize:       4096 kB
DirectMap4k:       61432 kB
DirectMap4M:      847872 kB


CPU:total 4 (2 cores per cpu, 2 threads per core) family 6 model 42 stepping 7, cmov, cx8, fxsr, mmx, sse, sse2, sse3, ssse3, sse4.1, sse4.2, popcnt, ht

Memory: 4k page, physical 3604892k(2067700k free), swap 7811068k(7811068k free)

vm_info: OpenJDK Server VM (19.0-b09) for linux-x86 JRE (1.6.0_22-b22), built on Jul 21 2011 17:10:14 by "nobody" with gcc 4.6.1

time: Wed Oct 12 13:54:37 2011
elapsed time: 0 seconds

