#
# A fatal error has been detected by the Java Runtime Environment:
#
#  Internal Error (classFileParser.cpp:3375), pid=1852, tid=3062647664
#  Error: ShouldNotReachHere()
#
# JRE version: 6.0_22-b22
# Java VM: OpenJDK Server VM (19.0-b09 mixed mode linux-x86 )
# Derivative: IcedTea6 1.10.3
# Distribution: Custom build (Thu Jul 21 17:06:08 UTC 2011)
# If you would like to submit a bug report, please include
# instructions how to reproduce the bug and visit:
#   http://icedtea.classpath.org/bugzilla
#

---------------  T H R E A D  ---------------

Current thread (0x09c40c00):  JavaThread "Unknown thread" [_thread_in_vm, id=1853, stack(0xb6874000,0xb68c5000)]

Stack: [0xb6874000,0xb68c5000]

[error occurred during error reporting (printing native stack), id 0xb]


---------------  P R O C E S S  ---------------

Java Threads: ( => current thread )

Other Threads:

=>0x09c40c00 (exited) JavaThread "Unknown thread" [_thread_in_vm, id=1853, stack(0xb6874000,0xb68c5000)]

VM state:not at safepoint (not fully initialized)

VM Mutex/Monitor currently owned by a thread: None

Dynamic libraries:
08048000-08051000 r-xp 00000000 08:05 406629     /usr/lib/jvm/java-6-openjdk/bin/java
08051000-08052000 rw-p 00008000 08:05 406629     /usr/lib/jvm/java-6-openjdk/bin/java
09c3a000-09ca3000 rw-p 00000000 00:00 0          [heap]
73f66000-73fdc000 r--s 00902000 08:06 3543452    /home/data/Programs/android-sdk-linux_x86/platforms/android-10/android.jar
73fdc000-73fdd000 ---p 00000000 00:00 0 
73fdd000-7405d000 rw-p 00000000 00:00 0 
7405d000-7405e000 ---p 00000000 00:00 0 
7405e000-740de000 rw-p 00000000 00:00 0 
740de000-740df000 ---p 00000000 00:00 0 
740df000-7415f000 rw-p 00000000 00:00 0 
7415f000-74160000 ---p 00000000 00:00 0 
74160000-741e8000 rw-p 00000000 00:00 0 
741e8000-74220000 rw-p 00000000 00:00 0 
74220000-74233000 rw-p 00000000 00:00 0 
74233000-74346000 rw-p 00000000 00:00 0 
74346000-7434e000 rw-p 00000000 00:00 0 
7434e000-74386000 rw-p 00000000 00:00 0 
74386000-74399000 rw-p 00000000 00:00 0 
74399000-744ac000 rw-p 00000000 00:00 0 
744ac000-744b6000 rw-p 00000000 00:00 0 
744b6000-7453f000 rw-p 00000000 00:00 0 
7453f000-75540000 rw-p 00000000 00:00 0 
75540000-7c540000 rw-p 00000000 00:00 0 
7c540000-7ea00000 rw-p 00000000 00:00 0 
7ea00000-a1140000 rw-p 00000000 00:00 0 
a1140000-a2390000 rw-p 00000000 00:00 0 
a2390000-b3740000 rw-p 00000000 00:00 0 
b3740000-b3749000 rw-p 00000000 00:00 0 
b3749000-b3800000 rw-p 00000000 00:00 0 
b3800000-b3a40000 rwxp 00000000 00:00 0 
b3a40000-b6800000 rw-p 00000000 00:00 0 
b6800000-b680b000 r-xp 00000000 08:05 2490374    /lib/libnss_files-2.14.so
b680b000-b680c000 r--p 0000a000 08:05 2490374    /lib/libnss_files-2.14.so
b680c000-b680d000 rw-p 0000b000 08:05 2490374    /lib/libnss_files-2.14.so
b680d000-b6822000 r-xp 00000000 08:05 2490412    /lib/libnsl-2.14.so
b6822000-b6823000 r--p 00015000 08:05 2490412    /lib/libnsl-2.14.so
b6823000-b6824000 rw-p 00016000 08:05 2490412    /lib/libnsl-2.14.so
b6824000-b6826000 rw-p 00000000 00:00 0 
b6831000-b6838000 r-xp 00000000 08:05 1052886    /usr/lib/jvm/java-6-openjdk/jre/lib/i386/libzip.so
b6838000-b6839000 rw-p 00007000 08:05 1052886    /usr/lib/jvm/java-6-openjdk/jre/lib/i386/libzip.so
b6839000-b6841000 rw-s 00000000 00:12 24152      /tmp/hsperfdata_noam/1852
b6841000-b6869000 r-xp 00000000 08:05 1052896    /usr/lib/jvm/java-6-openjdk/jre/lib/i386/libjava.so
b6869000-b686b000 rw-p 00027000 08:05 1052896    /usr/lib/jvm/java-6-openjdk/jre/lib/i386/libjava.so
b686b000-b6872000 r-xp 00000000 08:05 2494830    /lib/librt-2.14.so
b6872000-b6873000 r--p 00006000 08:05 2494830    /lib/librt-2.14.so
b6873000-b6874000 rw-p 00007000 08:05 2494830    /lib/librt-2.14.so
b6874000-b6877000 ---p 00000000 00:00 0 
b6877000-b68c5000 rw-p 00000000 00:00 0 
b68c5000-b68e1000 r-xp 00000000 08:05 2889751    /usr/lib/libgcc_s.so.1
b68e1000-b68e2000 rw-p 0001b000 08:05 2889751    /usr/lib/libgcc_s.so.1
b68e2000-b690a000 r-xp 00000000 08:05 2490402    /lib/libm-2.14.so
b690a000-b690b000 r--p 00027000 08:05 2490402    /lib/libm-2.14.so
b690b000-b690c000 rw-p 00028000 08:05 2490402    /lib/libm-2.14.so
b690c000-b69ef000 r-xp 00000000 08:05 2889733    /usr/lib/libstdc++.so.6.0.16
b69ef000-b69f3000 r--p 000e2000 08:05 2889733    /usr/lib/libstdc++.so.6.0.16
b69f3000-b69f4000 rw-p 000e6000 08:05 2889733    /usr/lib/libstdc++.so.6.0.16
b69f4000-b69fb000 rw-p 00000000 00:00 0 
b69fb000-b71f7000 r-xp 00000000 08:05 1052911    /usr/lib/jvm/java-6-openjdk/jre/lib/i386/server/libjvm.so
b71f7000-b724a000 rw-p 007fc000 08:05 1052911    /usr/lib/jvm/java-6-openjdk/jre/lib/i386/server/libjvm.so
b724a000-b7665000 rw-p 00000000 00:00 0 
b7665000-b77c7000 r-xp 00000000 08:05 2490400    /lib/libc-2.14.so
b77c7000-b77c8000 ---p 00162000 08:05 2490400    /lib/libc-2.14.so
b77c8000-b77ca000 r--p 00162000 08:05 2490400    /lib/libc-2.14.so
b77ca000-b77cb000 rw-p 00164000 08:05 2490400    /lib/libc-2.14.so
b77cb000-b77ce000 rw-p 00000000 00:00 0 
b77ce000-b77d1000 r-xp 00000000 08:05 2490407    /lib/libdl-2.14.so
b77d1000-b77d2000 r--p 00002000 08:05 2490407    /lib/libdl-2.14.so
b77d2000-b77d3000 rw-p 00003000 08:05 2490407    /lib/libdl-2.14.so
b77d3000-b77d4000 rw-p 00000000 00:00 0 
b77d4000-b77d8000 r-xp 00000000 08:05 1052919    /usr/lib/jvm/java-6-openjdk/jre/lib/i386/jli/libjli.so
b77d8000-b77d9000 rw-p 00003000 08:05 1052919    /usr/lib/jvm/java-6-openjdk/jre/lib/i386/jli/libjli.so
b77d9000-b77f0000 r-xp 00000000 08:05 2490376    /lib/libpthread-2.14.so
b77f0000-b77f1000 r--p 00016000 08:05 2490376    /lib/libpthread-2.14.so
b77f1000-b77f2000 rw-p 00017000 08:05 2490376    /lib/libpthread-2.14.so
b77f2000-b77f4000 rw-p 00000000 00:00 0 
b77f4000-b780a000 r-xp 00000000 08:05 2886518    /usr/lib/libz.so.1.2.5
b780a000-b780b000 r--p 00015000 08:05 2886518    /usr/lib/libz.so.1.2.5
b780b000-b780c000 rw-p 00016000 08:05 2886518    /usr/lib/libz.so.1.2.5
b7810000-b7818000 r-xp 00000000 08:05 1052917    /usr/lib/jvm/java-6-openjdk/jre/lib/i386/native_threads/libhpi.so
b7818000-b7819000 rw-p 00008000 08:05 1052917    /usr/lib/jvm/java-6-openjdk/jre/lib/i386/native_threads/libhpi.so
b7819000-b781a000 rw-p 00000000 00:00 0 
b781a000-b781b000 r--p 00000000 00:00 0 
b781b000-b7826000 r-xp 00000000 08:05 1052882    /usr/lib/jvm/java-6-openjdk/jre/lib/i386/libverify.so
b7826000-b7827000 rw-p 0000b000 08:05 1052882    /usr/lib/jvm/java-6-openjdk/jre/lib/i386/libverify.so
b7827000-b7828000 rw-p 00000000 00:00 0 
b7828000-b7829000 r-xp 00000000 00:00 0          [vdso]
b7829000-b7848000 r-xp 00000000 08:05 2490403    /lib/ld-2.14.so
b7848000-b7849000 r--p 0001e000 08:05 2490403    /lib/ld-2.14.so
b7849000-b784a000 rw-p 0001f000 08:05 2490403    /lib/ld-2.14.so
bf821000-bf842000 rw-p 00000000 00:00 0          [stack]

VM Arguments:
jvm_args: -Dfile.encoding=UTF-8 -Xbootclasspath:/home/noam/Programs/android-sdk-linux_x86/platforms/android-10/android.jar 
java_command: umich.pitchcoach.test.CircularShortBufferTestDriver
Launcher Type: SUN_STANDARD

Environment Variables:
JAVA_HOME=/usr/lib/jvm/java-6-openjdk
PATH=/usr/local/bin:/usr/bin:/bin:/usr/local/sbin:/usr/sbin:/sbin:/usr/bin/core_perl
USERNAME=noam
LD_LIBRARY_PATH=/usr/lib/jvm/java-6-openjdk/jre/lib/i386/server:/usr/lib/jvm/java-6-openjdk/jre/lib/i386:/usr/lib/jvm/java-6-openjdk/jre/../lib/i386:/usr/lib/jvm/java-6-openjdk/jre/lib/i386/client:/usr/lib/jvm/java-6-openjdk/jre/lib/i386:
SHELL=/bin/bash
DISPLAY=:0

Signal Handlers:
SIGSEGV: [libjvm.so+0x68ce20], sa_mask[0]=0x7ffbfeff, sa_flags=0x10000004
SIGBUS: [libjvm.so+0x68ce20], sa_mask[0]=0x7ffbfeff, sa_flags=0x10000004
SIGFPE: [libjvm.so+0x542930], sa_mask[0]=0x7ffbfeff, sa_flags=0x10000004
SIGPIPE: [libjvm.so+0x542930], sa_mask[0]=0x7ffbfeff, sa_flags=0x10000004
SIGXFSZ: [libjvm.so+0x542930], sa_mask[0]=0x7ffbfeff, sa_flags=0x10000004
SIGILL: [libjvm.so+0x542930], sa_mask[0]=0x7ffbfeff, sa_flags=0x10000004
SIGUSR1: SIG_DFL, sa_mask[0]=0x00000000, sa_flags=0x00000000
SIGUSR2: [libjvm.so+0x5427c0], sa_mask[0]=0x00000004, sa_flags=0x10000004
SIGHUP: SIG_DFL, sa_mask[0]=0x00000000, sa_flags=0x00000000
SIGINT: SIG_DFL, sa_mask[0]=0x00000000, sa_flags=0x00000000
SIGTERM: SIG_DFL, sa_mask[0]=0x00000000, sa_flags=0x00000000
SIGQUIT: SIG_DFL, sa_mask[0]=0x00000000, sa_flags=0x00000000


---------------  S Y S T E M  ---------------

OS:Linux
uname:Linux 3.0-ARCH #1 SMP PREEMPT Tue Aug 30 07:32:23 UTC 2011 i686
libc:glibc 2.14 NPTL 2.14 
rlimit: STACK 8192k, CORE 0k, NPROC 28142, NOFILE 4096, AS infinity
load average:0.24 0.21 0.21

/proc/meminfo:
MemTotal:        3604892 kB
MemFree:         1938840 kB
Buffers:           32000 kB
Cached:           560704 kB
SwapCached:            0 kB
Active:          1103384 kB
Inactive:         482964 kB
Active(anon):     994252 kB
Inactive(anon):     1728 kB
Active(file):     109132 kB
Inactive(file):   481236 kB
Unevictable:           0 kB
Mlocked:               0 kB
HighTotal:       2745992 kB
HighFree:        1171668 kB
LowTotal:         858900 kB
LowFree:          767172 kB
SwapTotal:       7811068 kB
SwapFree:        7811068 kB
Dirty:               220 kB
Writeback:             0 kB
AnonPages:        997932 kB
Mapped:           130132 kB
Shmem:              2420 kB
Slab:              29144 kB
SReclaimable:      15240 kB
SUnreclaim:        13904 kB
KernelStack:        2560 kB
PageTables:         5772 kB
NFS_Unstable:          0 kB
Bounce:                0 kB
WritebackTmp:          0 kB
CommitLimit:     9613512 kB
Committed_AS:    2814728 kB
VmallocTotal:     122880 kB
VmallocUsed:       54460 kB
VmallocChunk:      43516 kB
HardwareCorrupted:     0 kB
AnonHugePages:    651264 kB
HugePages_Total:       0
HugePages_Free:        0
HugePages_Rsvd:        0
HugePages_Surp:        0
Hugepagesize:       4096 kB
DirectMap4k:       57336 kB
DirectMap4M:      851968 kB


CPU:total 4 (2 cores per cpu, 2 threads per core) family 6 model 42 stepping 7, cmov, cx8, fxsr, mmx, sse, sse2, sse3, ssse3, sse4.1, sse4.2, popcnt, ht

Memory: 4k page, physical 3604892k(1938840k free), swap 7811068k(7811068k free)

vm_info: OpenJDK Server VM (19.0-b09) for linux-x86 JRE (1.6.0_22-b22), built on Jul 21 2011 17:10:14 by "nobody" with gcc 4.6.1

time: Thu Sep 29 20:14:32 2011
elapsed time: 0 seconds

